mode: set
github.com/olgasafonova/miro-mcp-server/miro/audit/factory.go:17.47,18.21 1 1
github.com/olgasafonova/miro-mcp-server/miro/audit/factory.go:18.21,20.3 1 1
github.com/olgasafonova/miro-mcp-server/miro/audit/factory.go:22.2,22.23 1 1
github.com/olgasafonova/miro-mcp-server/miro/audit/factory.go:22.23,24.3 1 1
github.com/olgasafonova/miro-mcp-server/miro/audit/factory.go:26.2,26.30 1 0
github.com/olgasafonova/miro-mcp-server/miro/audit/factory.go:30.33,34.55 2 1
github.com/olgasafonova/miro-mcp-server/miro/audit/factory.go:34.55,36.3 1 1
github.com/olgasafonova/miro-mcp-server/miro/audit/factory.go:39.2,39.52 1 1
github.com/olgasafonova/miro-mcp-server/miro/audit/factory.go:39.52,41.3 1 1
github.com/olgasafonova/miro-mcp-server/miro/audit/factory.go:44.2,44.57 1 1
github.com/olgasafonova/miro-mcp-server/miro/audit/factory.go:44.57,45.43 1 1
github.com/olgasafonova/miro-mcp-server/miro/audit/factory.go:45.43,47.4 1 1
github.com/olgasafonova/miro-mcp-server/miro/audit/factory.go:51.2,51.56 1 1
github.com/olgasafonova/miro-mcp-server/miro/audit/factory.go:51.56,52.39 1 1
github.com/olgasafonova/miro-mcp-server/miro/audit/factory.go:52.39,54.4 1 1
github.com/olgasafonova/miro-mcp-server/miro/audit/factory.go:58.2,58.59 1 1
github.com/olgasafonova/miro-mcp-server/miro/audit/factory.go:58.59,59.62 1 1
github.com/olgasafonova/miro-mcp-server/miro/audit/factory.go:59.62,61.4 1 1
github.com/olgasafonova/miro-mcp-server/miro/audit/factory.go:65.2,65.56 1 1
github.com/olgasafonova/miro-mcp-server/miro/audit/factory.go:65.56,67.3 1 0
github.com/olgasafonova/miro-mcp-server/miro/audit/factory.go:69.2,69.15 1 1
github.com/olgasafonova/miro-mcp-server/miro/audit/factory.go:73.34,75.31 2 1
github.com/olgasafonova/miro-mcp-server/miro/audit/factory.go:75.31,76.72 1 1
github.com/olgasafonova/miro-mcp-server/miro/audit/factory.go:76.72,78.4 1 1
github.com/olgasafonova/miro-mcp-server/miro/audit/factory.go:81.2,81.46 1 0
github.com/olgasafonova/miro-mcp-server/miro/audit/factory.go:81.46,83.3 1 0
github.com/olgasafonova/miro-mcp-server/miro/audit/factory.go:84.2,84.10 1 0
github.com/olgasafonova/miro-mcp-server/miro/audit/factory.go:88.32,92.9 3 1
github.com/olgasafonova/miro-mcp-server/miro/audit/factory.go:93.33,95.33 2 0
github.com/olgasafonova/miro-mcp-server/miro/audit/factory.go:96.33,98.33 2 1
github.com/olgasafonova/miro-mcp-server/miro/audit/factory.go:99.33,101.33 2 0
github.com/olgasafonova/miro-mcp-server/miro/audit/factory.go:104.2,104.58 1 1
github.com/olgasafonova/miro-mcp-server/miro/audit/factory.go:104.58,106.3 1 1
github.com/olgasafonova/miro-mcp-server/miro/audit/factory.go:107.2,107.10 1 0
github.com/olgasafonova/miro-mcp-server/miro/audit/factory.go:120.65,130.2 1 1
github.com/olgasafonova/miro-mcp-server/miro/audit/factory.go:133.69,137.2 3 1
github.com/olgasafonova/miro-mcp-server/miro/audit/factory.go:140.64,143.2 2 1
github.com/olgasafonova/miro-mcp-server/miro/audit/factory.go:146.72,150.2 3 1
github.com/olgasafonova/miro-mcp-server/miro/audit/factory.go:153.63,156.2 2 0
github.com/olgasafonova/miro-mcp-server/miro/audit/factory.go:159.78,162.2 2 0
github.com/olgasafonova/miro-mcp-server/miro/audit/factory.go:165.68,168.2 2 1
github.com/olgasafonova/miro-mcp-server/miro/audit/factory.go:171.48,174.2 2 1
github.com/olgasafonova/miro-mcp-server/miro/audit/factory.go:177.57,179.16 2 0
github.com/olgasafonova/miro-mcp-server/miro/audit/factory.go:179.16,181.3 1 0
github.com/olgasafonova/miro-mcp-server/miro/audit/factory.go:182.2,182.10 1 0
github.com/olgasafonova/miro-mcp-server/miro/audit/factory.go:186.38,188.2 1 1
github.com/olgasafonova/miro-mcp-server/miro/audit/factory.go:199.34,201.2 1 1
github.com/olgasafonova/miro-mcp-server/miro/audit/factory.go:204.66,206.2 1 1
github.com/olgasafonova/miro-mcp-server/miro/audit/factory.go:209.90,211.2 1 1
github.com/olgasafonova/miro-mcp-server/miro/audit/factory.go:214.55,216.2 1 1
github.com/olgasafonova/miro-mcp-server/miro/audit/factory.go:219.36,221.2 1 1
github.com/olgasafonova/miro-mcp-server/miro/audit/factory.go:235.41,238.9 2 1
github.com/olgasafonova/miro-mcp-server/miro/audit/factory.go:239.80,240.22 1 1
github.com/olgasafonova/miro-mcp-server/miro/audit/factory.go:242.76,243.20 1 1
github.com/olgasafonova/miro-mcp-server/miro/audit/factory.go:244.43,245.22 1 1
github.com/olgasafonova/miro-mcp-server/miro/audit/factory.go:247.39,248.22 1 1
github.com/olgasafonova/miro-mcp-server/miro/audit/factory.go:249.43,250.22 1 1
github.com/olgasafonova/miro-mcp-server/miro/audit/factory.go:251.83,252.20 1 1
github.com/olgasafonova/miro-mcp-server/miro/audit/factory.go:253.10,254.20 1 0
github.com/olgasafonova/miro-mcp-server/miro/audit/factory.go:259.38,262.21 2 1
github.com/olgasafonova/miro-mcp-server/miro/audit/factory.go:262.21,264.3 1 1
github.com/olgasafonova/miro-mcp-server/miro/audit/factory.go:265.2,265.21 1 1
github.com/olgasafonova/miro-mcp-server/miro/audit/factory.go:265.21,267.3 1 1
github.com/olgasafonova/miro-mcp-server/miro/audit/factory.go:268.2,268.42 1 1
github.com/olgasafonova/miro-mcp-server/miro/audit/file.go:27.56,28.23 1 1
github.com/olgasafonova/miro-mcp-server/miro/audit/file.go:28.23,30.3 1 0
github.com/olgasafonova/miro-mcp-server/miro/audit/file.go:33.2,33.55 1 1
github.com/olgasafonova/miro-mcp-server/miro/audit/file.go:33.55,35.3 1 0
github.com/olgasafonova/miro-mcp-server/miro/audit/file.go:37.2,43.44 2 1
github.com/olgasafonova/miro-mcp-server/miro/audit/file.go:43.44,45.3 1 0
github.com/olgasafonova/miro-mcp-server/miro/audit/file.go:47.2,47.20 1 1
github.com/olgasafonova/miro-mcp-server/miro/audit/file.go:51.66,52.23 1 1
github.com/olgasafonova/miro-mcp-server/miro/audit/file.go:52.23,54.3 1 0
github.com/olgasafonova/miro-mcp-server/miro/audit/file.go:57.2,57.50 1 1
github.com/olgasafonova/miro-mcp-server/miro/audit/file.go:57.50,59.3 1 0
github.com/olgasafonova/miro-mcp-server/miro/audit/file.go:61.2,65.29 3 1
github.com/olgasafonova/miro-mcp-server/miro/audit/file.go:65.29,67.43 2 1
github.com/olgasafonova/miro-mcp-server/miro/audit/file.go:67.43,69.4 1 1
github.com/olgasafonova/miro-mcp-server/miro/audit/file.go:70.3,70.13 1 1
github.com/olgasafonova/miro-mcp-server/miro/audit/file.go:74.2,74.28 1 1
github.com/olgasafonova/miro-mcp-server/miro/audit/file.go:78.52,80.16 2 1
github.com/olgasafonova/miro-mcp-server/miro/audit/file.go:80.16,82.3 1 0
github.com/olgasafonova/miro-mcp-server/miro/audit/file.go:85.2,85.59 1 1
github.com/olgasafonova/miro-mcp-server/miro/audit/file.go:85.59,86.40 1 0
github.com/olgasafonova/miro-mcp-server/miro/audit/file.go:86.40,88.4 1 0
github.com/olgasafonova/miro-mcp-server/miro/audit/file.go:92.2,93.16 2 1
github.com/olgasafonova/miro-mcp-server/miro/audit/file.go:93.16,95.3 1 0
github.com/olgasafonova/miro-mcp-server/miro/audit/file.go:96.2,99.12 3 1
github.com/olgasafonova/miro-mcp-server/miro/audit/file.go:103.41,105.19 1 1
github.com/olgasafonova/miro-mcp-server/miro/audit/file.go:105.19,108.3 2 0
github.com/olgasafonova/miro-mcp-server/miro/audit/file.go:111.2,116.16 4 1
github.com/olgasafonova/miro-mcp-server/miro/audit/file.go:116.16,118.3 1 0
github.com/olgasafonova/miro-mcp-server/miro/audit/file.go:121.2,122.16 2 1
github.com/olgasafonova/miro-mcp-server/miro/audit/file.go:122.16,125.3 2 0
github.com/olgasafonova/miro-mcp-server/miro/audit/file.go:127.2,134.12 5 1
github.com/olgasafonova/miro-mcp-server/miro/audit/file.go:138.40,139.33 1 1
github.com/olgasafonova/miro-mcp-server/miro/audit/file.go:139.33,141.3 1 1
github.com/olgasafonova/miro-mcp-server/miro/audit/file.go:143.2,146.16 3 1
github.com/olgasafonova/miro-mcp-server/miro/audit/file.go:146.16,148.3 1 0
github.com/olgasafonova/miro-mcp-server/miro/audit/file.go:150.2,150.32 1 1
github.com/olgasafonova/miro-mcp-server/miro/audit/file.go:150.32,151.20 1 1
github.com/olgasafonova/miro-mcp-server/miro/audit/file.go:151.20,152.12 1 0
github.com/olgasafonova/miro-mcp-server/miro/audit/file.go:155.3,156.17 2 1
github.com/olgasafonova/miro-mcp-server/miro/audit/file.go:156.17,157.12 1 0
github.com/olgasafonova/miro-mcp-server/miro/audit/file.go:160.3,160.36 1 1
github.com/olgasafonova/miro-mcp-server/miro/audit/file.go:160.36,162.4 1 1
github.com/olgasafonova/miro-mcp-server/miro/audit/file.go:167.90,170.23 2 1
github.com/olgasafonova/miro-mcp-server/miro/audit/file.go:170.23,172.3 1 0
github.com/olgasafonova/miro-mcp-server/miro/audit/file.go:173.2,177.16 3 1
github.com/olgasafonova/miro-mcp-server/miro/audit/file.go:177.16,179.3 1 0
github.com/olgasafonova/miro-mcp-server/miro/audit/file.go:182.2,183.32 2 1
github.com/olgasafonova/miro-mcp-server/miro/audit/file.go:183.32,184.63 1 1
github.com/olgasafonova/miro-mcp-server/miro/audit/file.go:184.63,186.4 1 1
github.com/olgasafonova/miro-mcp-server/miro/audit/file.go:188.2,192.33 3 1
github.com/olgasafonova/miro-mcp-server/miro/audit/file.go:192.33,194.17 2 1
github.com/olgasafonova/miro-mcp-server/miro/audit/file.go:194.17,195.12 1 0
github.com/olgasafonova/miro-mcp-server/miro/audit/file.go:197.3,197.39 1 1
github.com/olgasafonova/miro-mcp-server/miro/audit/file.go:201.2,201.42 1 1
github.com/olgasafonova/miro-mcp-server/miro/audit/file.go:201.42,203.3 1 1
github.com/olgasafonova/miro-mcp-server/miro/audit/file.go:205.2,208.21 2 1
github.com/olgasafonova/miro-mcp-server/miro/audit/file.go:208.21,209.34 1 0
github.com/olgasafonova/miro-mcp-server/miro/audit/file.go:209.34,211.4 1 0
github.com/olgasafonova/miro-mcp-server/miro/audit/file.go:211.9,213.4 1 0
github.com/olgasafonova/miro-mcp-server/miro/audit/file.go:217.2,218.49 2 1
github.com/olgasafonova/miro-mcp-server/miro/audit/file.go:218.49,221.3 2 0
github.com/olgasafonova/miro-mcp-server/miro/audit/file.go:223.2,227.8 1 1
github.com/olgasafonova/miro-mcp-server/miro/audit/file.go:231.115,233.16 2 1
github.com/olgasafonova/miro-mcp-server/miro/audit/file.go:233.16,235.3 1 0
github.com/olgasafonova/miro-mcp-server/miro/audit/file.go:236.2,245.21 6 1
github.com/olgasafonova/miro-mcp-server/miro/audit/file.go:245.21,246.10 1 1
github.com/olgasafonova/miro-mcp-server/miro/audit/file.go:247.21,248.28 1 0
github.com/olgasafonova/miro-mcp-server/miro/audit/file.go:249.11,249.11 0 1
github.com/olgasafonova/miro-mcp-server/miro/audit/file.go:252.3,253.65 2 1
github.com/olgasafonova/miro-mcp-server/miro/audit/file.go:253.65,254.12 1 0
github.com/olgasafonova/miro-mcp-server/miro/audit/file.go:257.3,257.32 1 1
github.com/olgasafonova/miro-mcp-server/miro/audit/file.go:257.32,259.4 1 1
github.com/olgasafonova/miro-mcp-server/miro/audit/file.go:262.2,262.30 1 1
github.com/olgasafonova/miro-mcp-server/miro/audit/file.go:266.55,270.2 3 1
github.com/olgasafonova/miro-mcp-server/miro/audit/file.go:273.42,274.33 1 1
github.com/olgasafonova/miro-mcp-server/miro/audit/file.go:274.33,275.45 1 1
github.com/olgasafonova/miro-mcp-server/miro/audit/file.go:275.45,277.4 1 0
github.com/olgasafonova/miro-mcp-server/miro/audit/file.go:279.2,281.21 2 1
github.com/olgasafonova/miro-mcp-server/miro/audit/file.go:281.21,283.3 1 1
github.com/olgasafonova/miro-mcp-server/miro/audit/file.go:284.2,284.12 1 0
github.com/olgasafonova/miro-mcp-server/miro/audit/file.go:288.36,296.19 4 1
github.com/olgasafonova/miro-mcp-server/miro/audit/file.go:296.19,299.3 2 1
github.com/olgasafonova/miro-mcp-server/miro/audit/file.go:300.2,300.12 1 0
github.com/olgasafonova/miro-mcp-server/miro/audit/file.go:304.47,308.2 3 0
github.com/olgasafonova/miro-mcp-server/miro/audit/memory.go:22.64,23.18 1 1
github.com/olgasafonova/miro-mcp-server/miro/audit/memory.go:23.18,25.3 1 0
github.com/olgasafonova/miro-mcp-server/miro/audit/memory.go:26.2,30.3 1 1
github.com/olgasafonova/miro-mcp-server/miro/audit/memory.go:34.68,35.23 1 1
github.com/olgasafonova/miro-mcp-server/miro/audit/memory.go:35.23,37.3 1 1
github.com/olgasafonova/miro-mcp-server/miro/audit/memory.go:40.2,40.50 1 1
github.com/olgasafonova/miro-mcp-server/miro/audit/memory.go:40.50,42.3 1 0
github.com/olgasafonova/miro-mcp-server/miro/audit/memory.go:44.2,49.25 5 1
github.com/olgasafonova/miro-mcp-server/miro/audit/memory.go:49.25,51.3 1 1
github.com/olgasafonova/miro-mcp-server/miro/audit/memory.go:53.2,53.12 1 1
github.com/olgasafonova/miro-mcp-server/miro/audit/memory.go:57.92,63.31 4 1
github.com/olgasafonova/miro-mcp-server/miro/audit/memory.go:63.31,68.32 3 1
github.com/olgasafonova/miro-mcp-server/miro/audit/memory.go:68.32,70.4 1 1
github.com/olgasafonova/miro-mcp-server/miro/audit/memory.go:74.2,74.56 1 1
github.com/olgasafonova/miro-mcp-server/miro/audit/memory.go:74.56,76.3 1 1
github.com/olgasafonova/miro-mcp-server/miro/audit/memory.go:78.2,81.21 2 1
github.com/olgasafonova/miro-mcp-server/miro/audit/memory.go:81.21,82.34 1 1
github.com/olgasafonova/miro-mcp-server/miro/audit/memory.go:82.34,84.4 1 0
github.com/olgasafonova/miro-mcp-server/miro/audit/memory.go:84.9,86.4 1 1
github.com/olgasafonova/miro-mcp-server/miro/audit/memory.go:90.2,91.49 2 1
github.com/olgasafonova/miro-mcp-server/miro/audit/memory.go:91.49,94.3 2 1
github.com/olgasafonova/miro-mcp-server/miro/audit/memory.go:96.2,100.8 1 1
github.com/olgasafonova/miro-mcp-server/miro/audit/memory.go:104.57,106.2 1 0
github.com/olgasafonova/miro-mcp-server/miro/audit/memory.go:109.38,111.2 1 1
github.com/olgasafonova/miro-mcp-server/miro/audit/memory.go:114.47,119.31 4 1
github.com/olgasafonova/miro-mcp-server/miro/audit/memory.go:119.31,122.3 2 1
github.com/olgasafonova/miro-mcp-server/miro/audit/memory.go:123.2,123.15 1 1
github.com/olgasafonova/miro-mcp-server/miro/audit/memory.go:127.32,134.2 5 0
github.com/olgasafonova/miro-mcp-server/miro/audit/memory.go:137.56,139.64 1 1
github.com/olgasafonova/miro-mcp-server/miro/audit/memory.go:139.64,141.3 1 0
github.com/olgasafonova/miro-mcp-server/miro/audit/memory.go:142.2,142.63 1 1
github.com/olgasafonova/miro-mcp-server/miro/audit/memory.go:142.63,144.3 1 0
github.com/olgasafonova/miro-mcp-server/miro/audit/memory.go:147.2,147.48 1 1
github.com/olgasafonova/miro-mcp-server/miro/audit/memory.go:147.48,149.3 1 1
github.com/olgasafonova/miro-mcp-server/miro/audit/memory.go:150.2,150.54 1 1
github.com/olgasafonova/miro-mcp-server/miro/audit/memory.go:150.54,152.3 1 0
github.com/olgasafonova/miro-mcp-server/miro/audit/memory.go:153.2,153.54 1 1
github.com/olgasafonova/miro-mcp-server/miro/audit/memory.go:153.54,155.3 1 0
github.com/olgasafonova/miro-mcp-server/miro/audit/memory.go:156.2,156.57 1 1
github.com/olgasafonova/miro-mcp-server/miro/audit/memory.go:156.57,158.3 1 1
github.com/olgasafonova/miro-mcp-server/miro/audit/memory.go:159.2,159.54 1 1
github.com/olgasafonova/miro-mcp-server/miro/audit/memory.go:159.54,161.3 1 1
github.com/olgasafonova/miro-mcp-server/miro/audit/memory.go:162.2,162.59 1 1
github.com/olgasafonova/miro-mcp-server/miro/audit/memory.go:162.59,164.3 1 1
github.com/olgasafonova/miro-mcp-server/miro/audit/memory.go:166.2,166.13 1 1
github.com/olgasafonova/miro-mcp-server/miro/audit/memory.go:182.41,193.31 5 1
github.com/olgasafonova/miro-mcp-server/miro/audit/memory.go:193.31,197.20 3 1
github.com/olgasafonova/miro-mcp-server/miro/audit/memory.go:197.20,199.4 1 1
github.com/olgasafonova/miro-mcp-server/miro/audit/memory.go:199.9,201.4 1 1
github.com/olgasafonova/miro-mcp-server/miro/audit/memory.go:203.3,207.78 4 1
github.com/olgasafonova/miro-mcp-server/miro/audit/memory.go:207.78,209.4 1 1
github.com/olgasafonova/miro-mcp-server/miro/audit/memory.go:210.3,210.77 1 1
github.com/olgasafonova/miro-mcp-server/miro/audit/memory.go:210.77,212.4 1 1
github.com/olgasafonova/miro-mcp-server/miro/audit/memory.go:215.2,215.17 1 1
github.com/olgasafonova/miro-mcp-server/miro/audit/memory.go:215.17,217.3 1 1
github.com/olgasafonova/miro-mcp-server/miro/audit/memory.go:219.2,219.14 1 1
github.com/olgasafonova/miro-mcp-server/miro/audit/types.go:152.29,161.2 1 1
github.com/olgasafonova/miro-mcp-server/miro/audit/types.go:197.73,198.18 1 1
github.com/olgasafonova/miro-mcp-server/miro/audit/types.go:198.18,200.3 1 0
github.com/olgasafonova/miro-mcp-server/miro/audit/types.go:202.2,203.32 2 1
github.com/olgasafonova/miro-mcp-server/miro/audit/types.go:203.32,204.27 1 1
github.com/olgasafonova/miro-mcp-server/miro/audit/types.go:204.27,206.4 1 1
github.com/olgasafonova/miro-mcp-server/miro/audit/types.go:206.9,208.4 1 1
github.com/olgasafonova/miro-mcp-server/miro/audit/types.go:210.2,210.18 1 1
github.com/olgasafonova/miro-mcp-server/miro/webhooks/events.go:19.30,24.2 1 1
github.com/olgasafonova/miro-mcp-server/miro/webhooks/events.go:27.55,34.2 5 1
github.com/olgasafonova/miro-mcp-server/miro/webhooks/events.go:37.44,41.38 3 1
github.com/olgasafonova/miro-mcp-server/miro/webhooks/events.go:41.38,44.3 2 1
github.com/olgasafonova/miro-mcp-server/miro/webhooks/events.go:48.42,56.36 4 1
github.com/olgasafonova/miro-mcp-server/miro/webhooks/events.go:56.36,57.10 1 1
github.com/olgasafonova/miro-mcp-server/miro/webhooks/events.go:58.20,58.20 0 1
github.com/olgasafonova/miro-mcp-server/miro/webhooks/events.go:59.11,59.11 0 0
github.com/olgasafonova/miro-mcp-server/miro/webhooks/events.go:66.47,68.2 1 1
github.com/olgasafonova/miro-mcp-server/miro/webhooks/events.go:71.43,75.2 3 1
github.com/olgasafonova/miro-mcp-server/miro/webhooks/events.go:87.42,92.2 1 1
github.com/olgasafonova/miro-mcp-server/miro/webhooks/events.go:95.40,101.24 5 1
github.com/olgasafonova/miro-mcp-server/miro/webhooks/events.go:101.24,103.3 1 1
github.com/olgasafonova/miro-mcp-server/miro/webhooks/events.go:107.45,111.18 3 1
github.com/olgasafonova/miro-mcp-server/miro/webhooks/events.go:111.18,113.3 1 1
github.com/olgasafonova/miro-mcp-server/miro/webhooks/events.go:114.2,114.12 1 1
github.com/olgasafonova/miro-mcp-server/miro/webhooks/events.go:114.12,116.3 1 1
github.com/olgasafonova/miro-mcp-server/miro/webhooks/events.go:118.2,121.25 3 1
github.com/olgasafonova/miro-mcp-server/miro/webhooks/events.go:121.25,124.3 2 1
github.com/olgasafonova/miro-mcp-server/miro/webhooks/events.go:126.2,126.15 1 1
github.com/olgasafonova/miro-mcp-server/miro/webhooks/events.go:135.52,137.2 1 0
github.com/olgasafonova/miro-mcp-server/miro/webhooks/events.go:140.72,149.9 6 0
github.com/olgasafonova/miro-mcp-server/miro/webhooks/events.go:149.9,152.3 2 0
github.com/olgasafonova/miro-mcp-server/miro/webhooks/events.go:155.2,168.37 8 0
github.com/olgasafonova/miro-mcp-server/miro/webhooks/events.go:168.37,169.48 1 0
github.com/olgasafonova/miro-mcp-server/miro/webhooks/events.go:169.48,170.12 1 0
github.com/olgasafonova/miro-mcp-server/miro/webhooks/events.go:172.3,172.33 1 0
github.com/olgasafonova/miro-mcp-server/miro/webhooks/events.go:176.2,180.6 3 0
github.com/olgasafonova/miro-mcp-server/miro/webhooks/events.go:180.6,181.10 1 0
github.com/olgasafonova/miro-mcp-server/miro/webhooks/events.go:182.30,183.11 1 0
github.com/olgasafonova/miro-mcp-server/miro/webhooks/events.go:183.11,185.5 1 0
github.com/olgasafonova/miro-mcp-server/miro/webhooks/events.go:187.4,187.49 1 0
github.com/olgasafonova/miro-mcp-server/miro/webhooks/events.go:187.49,188.13 1 0
github.com/olgasafonova/miro-mcp-server/miro/webhooks/events.go:190.4,190.34 1 0
github.com/olgasafonova/miro-mcp-server/miro/webhooks/events.go:192.19,195.19 2 0
github.com/olgasafonova/miro-mcp-server/miro/webhooks/events.go:197.29,198.10 1 0
github.com/olgasafonova/miro-mcp-server/miro/webhooks/events.go:204.90,206.16 2 0
github.com/olgasafonova/miro-mcp-server/miro/webhooks/events.go:206.16,208.3 1 0
github.com/olgasafonova/miro-mcp-server/miro/webhooks/events.go:210.2,212.17 3 0
github.com/olgasafonova/miro-mcp-server/miro/webhooks/events.go:223.48,224.51 1 1
github.com/olgasafonova/miro-mcp-server/miro/webhooks/events.go:224.51,226.3 1 1
github.com/olgasafonova/miro-mcp-server/miro/webhooks/events.go:227.2,227.54 1 1
github.com/olgasafonova/miro-mcp-server/miro/webhooks/events.go:227.54,229.3 1 0
github.com/olgasafonova/miro-mcp-server/miro/webhooks/events.go:230.2,230.52 1 1
github.com/olgasafonova/miro-mcp-server/miro/webhooks/events.go:230.52,232.3 1 1
github.com/olgasafonova/miro-mcp-server/miro/webhooks/events.go:233.2,233.13 1 1
github.com/olgasafonova/miro-mcp-server/miro/webhooks/handler.go:26.62,32.2 1 1
github.com/olgasafonova/miro-mcp-server/miro/webhooks/handler.go:35.40,37.2 1 1
github.com/olgasafonova/miro-mcp-server/miro/webhooks/handler.go:40.38,44.2 3 1
github.com/olgasafonova/miro-mcp-server/miro/webhooks/handler.go:47.69,49.33 1 1
github.com/olgasafonova/miro-mcp-server/miro/webhooks/handler.go:49.33,52.3 2 1
github.com/olgasafonova/miro-mcp-server/miro/webhooks/handler.go:55.2,56.16 2 1
github.com/olgasafonova/miro-mcp-server/miro/webhooks/handler.go:56.16,60.3 3 0
github.com/olgasafonova/miro-mcp-server/miro/webhooks/handler.go:61.2,64.27 2 1
github.com/olgasafonova/miro-mcp-server/miro/webhooks/handler.go:64.27,66.42 2 1
github.com/olgasafonova/miro-mcp-server/miro/webhooks/handler.go:66.42,70.4 3 1
github.com/olgasafonova/miro-mcp-server/miro/webhooks/handler.go:74.2,75.55 2 1
github.com/olgasafonova/miro-mcp-server/miro/webhooks/handler.go:75.55,79.3 3 1
github.com/olgasafonova/miro-mcp-server/miro/webhooks/handler.go:82.2,82.29 1 1
github.com/olgasafonova/miro-mcp-server/miro/webhooks/handler.go:82.29,85.3 2 1
github.com/olgasafonova/miro-mcp-server/miro/webhooks/handler.go:88.2,88.26 1 1
github.com/olgasafonova/miro-mcp-server/miro/webhooks/handler.go:88.26,90.3 1 1
github.com/olgasafonova/miro-mcp-server/miro/webhooks/handler.go:93.2,94.36 2 1
github.com/olgasafonova/miro-mcp-server/miro/webhooks/handler.go:98.76,105.2 5 1
github.com/olgasafonova/miro-mcp-server/miro/webhooks/handler.go:108.56,110.18 2 1
github.com/olgasafonova/miro-mcp-server/miro/webhooks/handler.go:110.18,112.3 1 0
github.com/olgasafonova/miro-mcp-server/miro/webhooks/handler.go:115.2,126.28 5 1
github.com/olgasafonova/miro-mcp-server/miro/webhooks/handler.go:130.61,131.26 1 1
github.com/olgasafonova/miro-mcp-server/miro/webhooks/handler.go:131.26,133.3 1 0
github.com/olgasafonova/miro-mcp-server/miro/webhooks/handler.go:135.2,142.32 2 1
github.com/olgasafonova/miro-mcp-server/miro/webhooks/handler.go:142.32,144.3 1 1
github.com/olgasafonova/miro-mcp-server/miro/webhooks/handler.go:144.8,144.34 1 0
github.com/olgasafonova/miro-mcp-server/miro/webhooks/handler.go:144.34,146.3 1 0
github.com/olgasafonova/miro-mcp-server/miro/webhooks/handler.go:149.2,149.31 1 1
github.com/olgasafonova/miro-mcp-server/miro/webhooks/handler.go:149.31,152.3 2 1
github.com/olgasafonova/miro-mcp-server/miro/webhooks/handler.go:155.2,155.31 1 1
github.com/olgasafonova/miro-mcp-server/miro/webhooks/handler.go:155.31,157.3 1 0
github.com/olgasafonova/miro-mcp-server/miro/webhooks/handler.go:159.2,159.14 1 1
github.com/olgasafonova/miro-mcp-server/miro/webhooks/handler.go:163.71,164.21 1 1
github.com/olgasafonova/miro-mcp-server/miro/webhooks/handler.go:164.21,166.3 1 1
github.com/olgasafonova/miro-mcp-server/miro/webhooks/handler.go:169.2,177.56 5 0
github.com/olgasafonova/miro-mcp-server/miro/webhooks/handler.go:181.24,182.11 1 1
github.com/olgasafonova/miro-mcp-server/miro/webhooks/handler.go:182.11,184.3 1 1
github.com/olgasafonova/miro-mcp-server/miro/webhooks/handler.go:185.2,185.10 1 0
github.com/olgasafonova/miro-mcp-server/miro/webhooks/manager.go:27.66,35.2 1 0
github.com/olgasafonova/miro-mcp-server/miro/webhooks/manager.go:38.101,39.23 1 0
github.com/olgasafonova/miro-mcp-server/miro/webhooks/manager.go:39.23,41.3 1 0
github.com/olgasafonova/miro-mcp-server/miro/webhooks/manager.go:42.2,42.27 1 0
github.com/olgasafonova/miro-mcp-server/miro/webhooks/manager.go:42.27,44.3 1 0
github.com/olgasafonova/miro-mcp-server/miro/webhooks/manager.go:47.2,47.22 1 0
github.com/olgasafonova/miro-mcp-server/miro/webhooks/manager.go:47.22,49.3 1 0
github.com/olgasafonova/miro-mcp-server/miro/webhooks/manager.go:51.2,52.16 2 0
github.com/olgasafonova/miro-mcp-server/miro/webhooks/manager.go:52.16,54.3 1 0
github.com/olgasafonova/miro-mcp-server/miro/webhooks/manager.go:56.2,57.16 2 0
github.com/olgasafonova/miro-mcp-server/miro/webhooks/manager.go:57.16,59.3 1 0
github.com/olgasafonova/miro-mcp-server/miro/webhooks/manager.go:61.2,64.16 3 0
github.com/olgasafonova/miro-mcp-server/miro/webhooks/manager.go:64.16,66.3 1 0
github.com/olgasafonova/miro-mcp-server/miro/webhooks/manager.go:67.2,69.46 2 0
github.com/olgasafonova/miro-mcp-server/miro/webhooks/manager.go:69.46,71.3 1 0
github.com/olgasafonova/miro-mcp-server/miro/webhooks/manager.go:73.2,74.73 2 0
github.com/olgasafonova/miro-mcp-server/miro/webhooks/manager.go:74.73,76.3 1 0
github.com/olgasafonova/miro-mcp-server/miro/webhooks/manager.go:78.2,78.27 1 0
github.com/olgasafonova/miro-mcp-server/miro/webhooks/manager.go:82.90,83.26 1 0
github.com/olgasafonova/miro-mcp-server/miro/webhooks/manager.go:83.26,85.3 1 0
github.com/olgasafonova/miro-mcp-server/miro/webhooks/manager.go:87.2,90.16 3 0
github.com/olgasafonova/miro-mcp-server/miro/webhooks/manager.go:90.16,92.3 1 0
github.com/olgasafonova/miro-mcp-server/miro/webhooks/manager.go:94.2,97.16 3 0
github.com/olgasafonova/miro-mcp-server/miro/webhooks/manager.go:97.16,99.3 1 0
github.com/olgasafonova/miro-mcp-server/miro/webhooks/manager.go:100.2,102.46 2 0
github.com/olgasafonova/miro-mcp-server/miro/webhooks/manager.go:102.46,104.3 1 0
github.com/olgasafonova/miro-mcp-server/miro/webhooks/manager.go:106.2,107.73 2 0
github.com/olgasafonova/miro-mcp-server/miro/webhooks/manager.go:107.73,109.3 1 0
github.com/olgasafonova/miro-mcp-server/miro/webhooks/manager.go:111.2,111.27 1 0
github.com/olgasafonova/miro-mcp-server/miro/webhooks/manager.go:115.76,116.26 1 0
github.com/olgasafonova/miro-mcp-server/miro/webhooks/manager.go:116.26,118.3 1 0
github.com/olgasafonova/miro-mcp-server/miro/webhooks/manager.go:120.2,123.16 3 0
github.com/olgasafonova/miro-mcp-server/miro/webhooks/manager.go:123.16,125.3 1 0
github.com/olgasafonova/miro-mcp-server/miro/webhooks/manager.go:127.2,130.16 3 0
github.com/olgasafonova/miro-mcp-server/miro/webhooks/manager.go:130.16,132.3 1 0
github.com/olgasafonova/miro-mcp-server/miro/webhooks/manager.go:133.2,136.81 2 0
github.com/olgasafonova/miro-mcp-server/miro/webhooks/manager.go:136.81,138.3 1 0
github.com/olgasafonova/miro-mcp-server/miro/webhooks/manager.go:140.2,140.30 1 0
github.com/olgasafonova/miro-mcp-server/miro/webhooks/manager.go:146.85,148.19 2 0
github.com/olgasafonova/miro-mcp-server/miro/webhooks/manager.go:148.19,150.3 1 0
github.com/olgasafonova/miro-mcp-server/miro/webhooks/manager.go:152.2,153.16 2 0
github.com/olgasafonova/miro-mcp-server/miro/webhooks/manager.go:153.16,155.3 1 0
github.com/olgasafonova/miro-mcp-server/miro/webhooks/manager.go:157.2,160.16 3 0
github.com/olgasafonova/miro-mcp-server/miro/webhooks/manager.go:160.16,162.3 1 0
github.com/olgasafonova/miro-mcp-server/miro/webhooks/manager.go:163.2,165.46 2 0
github.com/olgasafonova/miro-mcp-server/miro/webhooks/manager.go:165.46,167.3 1 0
github.com/olgasafonova/miro-mcp-server/miro/webhooks/manager.go:169.2,170.69 2 0
github.com/olgasafonova/miro-mcp-server/miro/webhooks/manager.go:170.69,176.17 5 0
github.com/olgasafonova/miro-mcp-server/miro/webhooks/manager.go:176.17,178.4 1 0
github.com/olgasafonova/miro-mcp-server/miro/webhooks/manager.go:179.3,182.66 3 0
github.com/olgasafonova/miro-mcp-server/miro/webhooks/manager.go:182.66,184.4 1 0
github.com/olgasafonova/miro-mcp-server/miro/webhooks/manager.go:185.3,185.19 1 0
github.com/olgasafonova/miro-mcp-server/miro/webhooks/manager.go:188.2,188.27 1 0
github.com/olgasafonova/miro-mcp-server/miro/webhooks/manager.go:192.49,196.2 3 0
github.com/olgasafonova/miro-mcp-server/miro/webhooks/manager.go:199.60,200.53 1 0
github.com/olgasafonova/miro-mcp-server/miro/webhooks/manager.go:200.53,202.3 1 0
github.com/olgasafonova/miro-mcp-server/miro/webhooks/manager.go:204.2,206.25 2 0
github.com/olgasafonova/miro-mcp-server/miro/webhooks/manager.go:207.31,208.61 1 0
github.com/olgasafonova/miro-mcp-server/miro/webhooks/manager.go:209.28,210.72 1 0
github.com/olgasafonova/miro-mcp-server/miro/webhooks/manager.go:211.27,212.74 1 0
github.com/olgasafonova/miro-mcp-server/miro/webhooks/manager.go:213.27,214.79 1 0
github.com/olgasafonova/miro-mcp-server/miro/webhooks/manager.go:215.34,216.55 1 0
github.com/olgasafonova/miro-mcp-server/miro/webhooks/manager.go:217.10,218.80 1 0
github.com/olgasafonova/miro-mcp-server/miro/webhooks/types.go:21.33,27.2 1 1
github.com/olgasafonova/miro-mcp-server/miro/webhooks/types.go:30.37,32.2 1 1
github.com/olgasafonova/miro-mcp-server/miro/webhooks/types.go:47.34,49.2 1 1
github.com/olgasafonova/miro-mcp-server/miro/oauth/auth.go:21.65,28.2 1 0
github.com/olgasafonova/miro-mcp-server/miro/oauth/auth.go:31.66,34.16 2 0
github.com/olgasafonova/miro-mcp-server/miro/oauth/auth.go:34.16,36.3 1 0
github.com/olgasafonova/miro-mcp-server/miro/oauth/auth.go:39.2,40.16 2 0
github.com/olgasafonova/miro-mcp-server/miro/oauth/auth.go:40.16,42.3 1 0
github.com/olgasafonova/miro-mcp-server/miro/oauth/auth.go:44.2,45.16 2 0
github.com/olgasafonova/miro-mcp-server/miro/oauth/auth.go:45.16,47.3 1 0
github.com/olgasafonova/miro-mcp-server/miro/oauth/auth.go:48.2,56.45 5 0
github.com/olgasafonova/miro-mcp-server/miro/oauth/auth.go:56.45,59.3 2 0
github.com/olgasafonova/miro-mcp-server/miro/oauth/auth.go:62.2,64.16 3 0
github.com/olgasafonova/miro-mcp-server/miro/oauth/auth.go:64.16,66.3 1 0
github.com/olgasafonova/miro-mcp-server/miro/oauth/auth.go:68.2,68.25 1 0
github.com/olgasafonova/miro-mcp-server/miro/oauth/auth.go:68.25,70.3 1 0
github.com/olgasafonova/miro-mcp-server/miro/oauth/auth.go:73.2,73.33 1 0
github.com/olgasafonova/miro-mcp-server/miro/oauth/auth.go:73.33,75.3 1 0
github.com/olgasafonova/miro-mcp-server/miro/oauth/auth.go:78.2,80.16 3 0
github.com/olgasafonova/miro-mcp-server/miro/oauth/auth.go:80.16,82.3 1 0
github.com/olgasafonova/miro-mcp-server/miro/oauth/auth.go:85.2,85.55 1 0
github.com/olgasafonova/miro-mcp-server/miro/oauth/auth.go:85.55,87.3 1 0
github.com/olgasafonova/miro-mcp-server/miro/oauth/auth.go:89.2,95.20 2 0
github.com/olgasafonova/miro-mcp-server/miro/oauth/auth.go:99.67,100.31 1 0
github.com/olgasafonova/miro-mcp-server/miro/oauth/auth.go:100.31,102.3 1 0
github.com/olgasafonova/miro-mcp-server/miro/oauth/auth.go:104.2,105.16 2 0
github.com/olgasafonova/miro-mcp-server/miro/oauth/auth.go:105.16,107.3 1 0
github.com/olgasafonova/miro-mcp-server/miro/oauth/auth.go:110.2,110.27 1 0
github.com/olgasafonova/miro-mcp-server/miro/oauth/auth.go:110.27,111.32 1 0
github.com/olgasafonova/miro-mcp-server/miro/oauth/auth.go:111.32,114.18 3 0
github.com/olgasafonova/miro-mcp-server/miro/oauth/auth.go:114.18,116.5 1 0
github.com/olgasafonova/miro-mcp-server/miro/oauth/auth.go:117.4,117.60 1 0
github.com/olgasafonova/miro-mcp-server/miro/oauth/auth.go:117.60,119.5 1 0
github.com/olgasafonova/miro-mcp-server/miro/oauth/auth.go:120.4,120.22 1 0
github.com/olgasafonova/miro-mcp-server/miro/oauth/auth.go:121.9,123.4 1 0
github.com/olgasafonova/miro-mcp-server/miro/oauth/auth.go:126.2,126.20 1 0
github.com/olgasafonova/miro-mcp-server/miro/oauth/auth.go:130.54,132.33 2 0
github.com/olgasafonova/miro-mcp-server/miro/oauth/auth.go:132.33,134.31 1 0
github.com/olgasafonova/miro-mcp-server/miro/oauth/auth.go:134.31,135.74 1 0
github.com/olgasafonova/miro-mcp-server/miro/oauth/auth.go:135.74,137.5 1 0
github.com/olgasafonova/miro-mcp-server/miro/oauth/auth.go:140.3,140.32 1 0
github.com/olgasafonova/miro-mcp-server/miro/oauth/auth.go:140.32,141.75 1 0
github.com/olgasafonova/miro-mcp-server/miro/oauth/auth.go:141.75,143.5 1 0
github.com/olgasafonova/miro-mcp-server/miro/oauth/auth.go:148.2,148.49 1 0
github.com/olgasafonova/miro-mcp-server/miro/oauth/auth.go:148.49,150.3 1 0
github.com/olgasafonova/miro-mcp-server/miro/oauth/auth.go:152.2,153.12 2 0
github.com/olgasafonova/miro-mcp-server/miro/oauth/auth.go:157.72,159.16 2 0
github.com/olgasafonova/miro-mcp-server/miro/oauth/auth.go:159.16,161.3 1 0
github.com/olgasafonova/miro-mcp-server/miro/oauth/auth.go:162.2,162.32 1 0
github.com/olgasafonova/miro-mcp-server/miro/oauth/auth.go:166.36,169.22 2 0
github.com/olgasafonova/miro-mcp-server/miro/oauth/auth.go:170.16,171.34 1 0
github.com/olgasafonova/miro-mcp-server/miro/oauth/auth.go:172.15,173.38 1 0
github.com/olgasafonova/miro-mcp-server/miro/oauth/auth.go:174.17,175.69 1 0
github.com/olgasafonova/miro-mcp-server/miro/oauth/auth.go:176.10,177.62 1 0
github.com/olgasafonova/miro-mcp-server/miro/oauth/auth.go:180.2,180.20 1 0
github.com/olgasafonova/miro-mcp-server/miro/oauth/provider.go:31.44,38.2 1 1
github.com/olgasafonova/miro-mcp-server/miro/oauth/provider.go:41.78,44.49 2 1
github.com/olgasafonova/miro-mcp-server/miro/oauth/provider.go:44.49,46.3 1 0
github.com/olgasafonova/miro-mcp-server/miro/oauth/provider.go:47.2,51.52 3 1
github.com/olgasafonova/miro-mcp-server/miro/oauth/provider.go:51.52,53.3 1 0
github.com/olgasafonova/miro-mcp-server/miro/oauth/provider.go:54.2,60.8 2 1
github.com/olgasafonova/miro-mcp-server/miro/oauth/provider.go:64.74,80.2 4 1
github.com/olgasafonova/miro-mcp-server/miro/oauth/provider.go:83.107,94.16 3 0
github.com/olgasafonova/miro-mcp-server/miro/oauth/provider.go:94.16,96.3 1 0
github.com/olgasafonova/miro-mcp-server/miro/oauth/provider.go:97.2,100.16 3 0
github.com/olgasafonova/miro-mcp-server/miro/oauth/provider.go:100.16,102.3 1 0
github.com/olgasafonova/miro-mcp-server/miro/oauth/provider.go:103.2,106.16 3 0
github.com/olgasafonova/miro-mcp-server/miro/oauth/provider.go:106.16,108.3 1 0
github.com/olgasafonova/miro-mcp-server/miro/oauth/provider.go:110.2,110.38 1 0
github.com/olgasafonova/miro-mcp-server/miro/oauth/provider.go:110.38,112.66 2 0
github.com/olgasafonova/miro-mcp-server/miro/oauth/provider.go:112.66,114.4 1 0
github.com/olgasafonova/miro-mcp-server/miro/oauth/provider.go:115.3,115.100 1 0
github.com/olgasafonova/miro-mcp-server/miro/oauth/provider.go:118.2,119.57 2 0
github.com/olgasafonova/miro-mcp-server/miro/oauth/provider.go:119.57,121.3 1 0
github.com/olgasafonova/miro-mcp-server/miro/oauth/provider.go:123.2,123.36 1 0
github.com/olgasafonova/miro-mcp-server/miro/oauth/provider.go:127.94,136.16 3 0
github.com/olgasafonova/miro-mcp-server/miro/oauth/provider.go:136.16,138.3 1 0
github.com/olgasafonova/miro-mcp-server/miro/oauth/provider.go:139.2,142.16 3 0
github.com/olgasafonova/miro-mcp-server/miro/oauth/provider.go:142.16,144.3 1 0
github.com/olgasafonova/miro-mcp-server/miro/oauth/provider.go:145.2,148.16 3 0
github.com/olgasafonova/miro-mcp-server/miro/oauth/provider.go:148.16,150.3 1 0
github.com/olgasafonova/miro-mcp-server/miro/oauth/provider.go:152.2,152.38 1 0
github.com/olgasafonova/miro-mcp-server/miro/oauth/provider.go:152.38,154.66 2 0
github.com/olgasafonova/miro-mcp-server/miro/oauth/provider.go:154.66,156.4 1 0
github.com/olgasafonova/miro-mcp-server/miro/oauth/provider.go:157.3,157.99 1 0
github.com/olgasafonova/miro-mcp-server/miro/oauth/provider.go:160.2,161.57 2 0
github.com/olgasafonova/miro-mcp-server/miro/oauth/provider.go:161.57,163.3 1 0
github.com/olgasafonova/miro-mcp-server/miro/oauth/provider.go:165.2,165.36 1 0
github.com/olgasafonova/miro-mcp-server/miro/oauth/provider.go:169.73,177.16 3 0
github.com/olgasafonova/miro-mcp-server/miro/oauth/provider.go:177.16,179.3 1 0
github.com/olgasafonova/miro-mcp-server/miro/oauth/provider.go:180.2,183.16 3 0
github.com/olgasafonova/miro-mcp-server/miro/oauth/provider.go:183.16,185.3 1 0
github.com/olgasafonova/miro-mcp-server/miro/oauth/provider.go:186.2,189.38 2 0
github.com/olgasafonova/miro-mcp-server/miro/oauth/provider.go:189.38,192.3 2 0
github.com/olgasafonova/miro-mcp-server/miro/oauth/provider.go:194.2,194.12 1 0
github.com/olgasafonova/miro-mcp-server/miro/oauth/server.go:29.83,32.16 2 0
github.com/olgasafonova/miro-mcp-server/miro/oauth/server.go:32.16,34.3 1 0
github.com/olgasafonova/miro-mcp-server/miro/oauth/server.go:36.2,52.15 6 0
github.com/olgasafonova/miro-mcp-server/miro/oauth/server.go:56.34,57.12 1 0
github.com/olgasafonova/miro-mcp-server/miro/oauth/server.go:57.12,58.69 1 0
github.com/olgasafonova/miro-mcp-server/miro/oauth/server.go:58.69,60.4 1 0
github.com/olgasafonova/miro-mcp-server/miro/oauth/server.go:65.58,67.2 1 0
github.com/olgasafonova/miro-mcp-server/miro/oauth/server.go:70.111,74.9 3 0
github.com/olgasafonova/miro-mcp-server/miro/oauth/server.go:75.30,76.22 1 0
github.com/olgasafonova/miro-mcp-server/miro/oauth/server.go:77.20,78.65 1 0
github.com/olgasafonova/miro-mcp-server/miro/oauth/server.go:83.40,85.2 1 0
github.com/olgasafonova/miro-mcp-server/miro/oauth/server.go:87.81,91.50 2 0
github.com/olgasafonova/miro-mcp-server/miro/oauth/server.go:91.50,100.3 3 0
github.com/olgasafonova/miro-mcp-server/miro/oauth/server.go:102.2,105.16 3 0
github.com/olgasafonova/miro-mcp-server/miro/oauth/server.go:105.16,114.3 3 0
github.com/olgasafonova/miro-mcp-server/miro/oauth/server.go:116.2,121.23 2 0
github.com/olgasafonova/miro-mcp-server/miro/oauth/server.go:124.77,142.2 3 0
github.com/olgasafonova/miro-mcp-server/miro/oauth/server.go:144.66,166.2 3 0
github.com/olgasafonova/miro-mcp-server/miro/oauth/server.go:168.90,190.2 3 0
github.com/olgasafonova/miro-mcp-server/miro/oauth/server.go:193.58,195.16 2 1
github.com/olgasafonova/miro-mcp-server/miro/oauth/server.go:195.16,197.3 1 0
github.com/olgasafonova/miro-mcp-server/miro/oauth/server.go:199.2,200.16 2 1
github.com/olgasafonova/miro-mcp-server/miro/oauth/server.go:200.16,201.26 1 1
github.com/olgasafonova/miro-mcp-server/miro/oauth/server.go:201.26,203.4 1 1
github.com/olgasafonova/miro-mcp-server/miro/oauth/server.go:203.9,205.4 1 1
github.com/olgasafonova/miro-mcp-server/miro/oauth/server.go:208.2,208.24 1 1
github.com/olgasafonova/miro-mcp-server/miro/oauth/tokens.go:34.53,36.2 1 1
github.com/olgasafonova/miro-mcp-server/miro/oauth/tokens.go:39.76,45.47 4 1
github.com/olgasafonova/miro-mcp-server/miro/oauth/tokens.go:45.47,47.3 1 0
github.com/olgasafonova/miro-mcp-server/miro/oauth/tokens.go:49.2,50.16 2 1
github.com/olgasafonova/miro-mcp-server/miro/oauth/tokens.go:50.16,52.3 1 0
github.com/olgasafonova/miro-mcp-server/miro/oauth/tokens.go:55.2,56.59 2 1
github.com/olgasafonova/miro-mcp-server/miro/oauth/tokens.go:56.59,58.3 1 0
github.com/olgasafonova/miro-mcp-server/miro/oauth/tokens.go:60.2,60.52 1 1
github.com/olgasafonova/miro-mcp-server/miro/oauth/tokens.go:60.52,63.3 2 0
github.com/olgasafonova/miro-mcp-server/miro/oauth/tokens.go:65.2,65.12 1 1
github.com/olgasafonova/miro-mcp-server/miro/oauth/tokens.go:69.71,74.16 4 1
github.com/olgasafonova/miro-mcp-server/miro/oauth/tokens.go:74.16,75.25 1 1
github.com/olgasafonova/miro-mcp-server/miro/oauth/tokens.go:75.25,77.4 1 1
github.com/olgasafonova/miro-mcp-server/miro/oauth/tokens.go:78.3,78.59 1 0
github.com/olgasafonova/miro-mcp-server/miro/oauth/tokens.go:81.2,82.54 2 1
github.com/olgasafonova/miro-mcp-server/miro/oauth/tokens.go:82.54,84.3 1 0
github.com/olgasafonova/miro-mcp-server/miro/oauth/tokens.go:86.2,86.21 1 1
github.com/olgasafonova/miro-mcp-server/miro/oauth/tokens.go:90.60,95.39 4 1
github.com/olgasafonova/miro-mcp-server/miro/oauth/tokens.go:95.39,97.3 1 0
github.com/olgasafonova/miro-mcp-server/miro/oauth/tokens.go:98.2,98.12 1 1
github.com/olgasafonova/miro-mcp-server/miro/oauth/tokens.go:102.59,108.2 4 1
github.com/olgasafonova/miro-mcp-server/miro/oauth/tokens.go:117.46,119.2 1 1
github.com/olgasafonova/miro-mcp-server/miro/oauth/tokens.go:122.78,130.2 5 1
github.com/olgasafonova/miro-mcp-server/miro/oauth/tokens.go:133.73,137.21 3 1
github.com/olgasafonova/miro-mcp-server/miro/oauth/tokens.go:137.21,139.3 1 0
github.com/olgasafonova/miro-mcp-server/miro/oauth/tokens.go:142.2,143.21 2 1
github.com/olgasafonova/miro-mcp-server/miro/oauth/tokens.go:147.62,153.2 4 1
github.com/olgasafonova/miro-mcp-server/miro/oauth/tokens.go:156.61,161.2 3 1
github.com/olgasafonova/miro-mcp-server/miro/oauth/types.go:60.37,62.2 1 1
github.com/olgasafonova/miro-mcp-server/miro/oauth/types.go:66.40,68.2 1 1
github.com/olgasafonova/miro-mcp-server/miro/oauth/types.go:82.48,92.2 1 1
github.com/olgasafonova/miro-mcp-server/miro/oauth/types.go:107.34,115.30 2 1
github.com/olgasafonova/miro-mcp-server/miro/oauth/types.go:115.30,117.3 1 1
github.com/olgasafonova/miro-mcp-server/miro/oauth/types.go:120.2,121.33 2 1
github.com/olgasafonova/miro-mcp-server/miro/oauth/types.go:121.33,124.3 2 1
github.com/olgasafonova/miro-mcp-server/miro/oauth/types.go:126.2,126.15 1 1
github.com/olgasafonova/miro-mcp-server/miro/oauth/types.go:130.38,132.2 1 1
github.com/olgasafonova/miro-mcp-server/miro/oauth/types.go:140.36,141.25 1 1
github.com/olgasafonova/miro-mcp-server/miro/oauth/types.go:141.25,143.3 1 1
github.com/olgasafonova/miro-mcp-server/miro/oauth/types.go:144.2,144.15 1 1
github.com/olgasafonova/miro-mcp-server/miro/boards.go:18.97,21.23 2 1
github.com/olgasafonova/miro-mcp-server/miro/boards.go:21.23,23.3 1 0
github.com/olgasafonova/miro-mcp-server/miro/boards.go:24.2,24.22 1 1
github.com/olgasafonova/miro-mcp-server/miro/boards.go:24.22,26.3 1 1
github.com/olgasafonova/miro-mcp-server/miro/boards.go:27.2,28.40 2 1
github.com/olgasafonova/miro-mcp-server/miro/boards.go:28.40,30.3 1 1
github.com/olgasafonova/miro-mcp-server/miro/boards.go:31.2,32.23 2 1
github.com/olgasafonova/miro-mcp-server/miro/boards.go:32.23,34.3 1 0
github.com/olgasafonova/miro-mcp-server/miro/boards.go:36.2,37.21 2 1
github.com/olgasafonova/miro-mcp-server/miro/boards.go:37.21,39.3 1 1
github.com/olgasafonova/miro-mcp-server/miro/boards.go:41.2,42.16 2 1
github.com/olgasafonova/miro-mcp-server/miro/boards.go:42.16,44.3 1 1
github.com/olgasafonova/miro-mcp-server/miro/boards.go:46.2,52.56 2 1
github.com/olgasafonova/miro-mcp-server/miro/boards.go:52.56,54.3 1 0
github.com/olgasafonova/miro-mcp-server/miro/boards.go:57.2,58.30 2 1
github.com/olgasafonova/miro-mcp-server/miro/boards.go:58.30,65.20 2 1
github.com/olgasafonova/miro-mcp-server/miro/boards.go:65.20,67.4 1 0
github.com/olgasafonova/miro-mcp-server/miro/boards.go:70.2,75.8 1 1
github.com/olgasafonova/miro-mcp-server/miro/boards.go:79.91,80.24 1 1
github.com/olgasafonova/miro-mcp-server/miro/boards.go:80.24,82.3 1 1
github.com/olgasafonova/miro-mcp-server/miro/boards.go:85.2,86.45 2 1
github.com/olgasafonova/miro-mcp-server/miro/boards.go:86.45,88.3 1 1
github.com/olgasafonova/miro-mcp-server/miro/boards.go:90.2,91.16 2 1
github.com/olgasafonova/miro-mcp-server/miro/boards.go:91.16,93.3 1 1
github.com/olgasafonova/miro-mcp-server/miro/boards.go:95.2,96.57 2 1
github.com/olgasafonova/miro-mcp-server/miro/boards.go:96.57,98.3 1 0
github.com/olgasafonova/miro-mcp-server/miro/boards.go:100.2,105.20 3 1
github.com/olgasafonova/miro-mcp-server/miro/boards.go:109.100,110.21 1 1
github.com/olgasafonova/miro-mcp-server/miro/boards.go:110.21,112.3 1 1
github.com/olgasafonova/miro-mcp-server/miro/boards.go:114.2,118.28 2 1
github.com/olgasafonova/miro-mcp-server/miro/boards.go:118.28,120.3 1 1
github.com/olgasafonova/miro-mcp-server/miro/boards.go:122.2,122.23 1 1
github.com/olgasafonova/miro-mcp-server/miro/boards.go:122.23,124.3 1 0
github.com/olgasafonova/miro-mcp-server/miro/boards.go:126.2,127.16 2 1
github.com/olgasafonova/miro-mcp-server/miro/boards.go:127.16,129.3 1 0
github.com/olgasafonova/miro-mcp-server/miro/boards.go:131.2,132.57 2 1
github.com/olgasafonova/miro-mcp-server/miro/boards.go:132.57,134.3 1 0
github.com/olgasafonova/miro-mcp-server/miro/boards.go:136.2,141.8 1 1
github.com/olgasafonova/miro-mcp-server/miro/boards.go:145.94,146.24 1 1
github.com/olgasafonova/miro-mcp-server/miro/boards.go:146.24,148.3 1 1
github.com/olgasafonova/miro-mcp-server/miro/boards.go:150.2,152.21 2 1
github.com/olgasafonova/miro-mcp-server/miro/boards.go:152.21,154.3 1 1
github.com/olgasafonova/miro-mcp-server/miro/boards.go:155.2,155.28 1 1
github.com/olgasafonova/miro-mcp-server/miro/boards.go:155.28,157.3 1 0
github.com/olgasafonova/miro-mcp-server/miro/boards.go:158.2,158.23 1 1
github.com/olgasafonova/miro-mcp-server/miro/boards.go:158.23,160.3 1 0
github.com/olgasafonova/miro-mcp-server/miro/boards.go:162.2,163.16 2 1
github.com/olgasafonova/miro-mcp-server/miro/boards.go:163.16,165.3 1 0
github.com/olgasafonova/miro-mcp-server/miro/boards.go:167.2,168.57 2 1
github.com/olgasafonova/miro-mcp-server/miro/boards.go:168.57,170.3 1 0
github.com/olgasafonova/miro-mcp-server/miro/boards.go:172.2,177.8 1 1
github.com/olgasafonova/miro-mcp-server/miro/boards.go:181.100,182.24 1 1
github.com/olgasafonova/miro-mcp-server/miro/boards.go:182.24,184.3 1 0
github.com/olgasafonova/miro-mcp-server/miro/boards.go:186.2,187.16 2 1
github.com/olgasafonova/miro-mcp-server/miro/boards.go:187.16,193.3 1 0
github.com/olgasafonova/miro-mcp-server/miro/boards.go:196.2,202.8 2 1
github.com/olgasafonova/miro-mcp-server/miro/boards.go:207.91,208.16 1 1
github.com/olgasafonova/miro-mcp-server/miro/boards.go:208.16,210.3 1 0
github.com/olgasafonova/miro-mcp-server/miro/boards.go:213.2,217.16 2 1
github.com/olgasafonova/miro-mcp-server/miro/boards.go:217.16,219.3 1 0
github.com/olgasafonova/miro-mcp-server/miro/boards.go:221.2,221.29 1 1
github.com/olgasafonova/miro-mcp-server/miro/boards.go:221.29,223.3 1 1
github.com/olgasafonova/miro-mcp-server/miro/boards.go:225.2,228.31 2 1
github.com/olgasafonova/miro-mcp-server/miro/boards.go:228.31,229.58 1 1
github.com/olgasafonova/miro-mcp-server/miro/boards.go:229.58,231.4 1 1
github.com/olgasafonova/miro-mcp-server/miro/boards.go:235.2,235.31 1 0
github.com/olgasafonova/miro-mcp-server/miro/boards.go:235.31,236.75 1 0
github.com/olgasafonova/miro-mcp-server/miro/boards.go:236.75,238.4 1 0
github.com/olgasafonova/miro-mcp-server/miro/boards.go:242.2,242.31 1 0
github.com/olgasafonova/miro-mcp-server/miro/boards.go:242.31,243.74 1 0
github.com/olgasafonova/miro-mcp-server/miro/boards.go:243.74,245.4 1 0
github.com/olgasafonova/miro-mcp-server/miro/boards.go:249.2,249.31 1 0
github.com/olgasafonova/miro-mcp-server/miro/boards.go:253.116,255.16 2 1
github.com/olgasafonova/miro-mcp-server/miro/boards.go:255.16,257.3 1 1
github.com/olgasafonova/miro-mcp-server/miro/boards.go:259.2,265.8 1 1
github.com/olgasafonova/miro-mcp-server/miro/boards.go:269.112,270.24 1 1
github.com/olgasafonova/miro-mcp-server/miro/boards.go:270.24,272.3 1 0
github.com/olgasafonova/miro-mcp-server/miro/boards.go:275.2,276.16 2 1
github.com/olgasafonova/miro-mcp-server/miro/boards.go:276.16,278.3 1 0
github.com/olgasafonova/miro-mcp-server/miro/boards.go:281.2,282.16 2 1
github.com/olgasafonova/miro-mcp-server/miro/boards.go:282.16,284.3 1 0
github.com/olgasafonova/miro-mcp-server/miro/boards.go:287.2,288.35 2 1
github.com/olgasafonova/miro-mcp-server/miro/boards.go:288.35,290.3 1 1
github.com/olgasafonova/miro-mcp-server/miro/boards.go:293.2,294.26 2 1
github.com/olgasafonova/miro-mcp-server/miro/boards.go:294.26,296.3 1 0
github.com/olgasafonova/miro-mcp-server/miro/boards.go:298.2,307.8 1 1
github.com/olgasafonova/miro-mcp-server/miro/client.go:145.61,162.2 1 1
github.com/olgasafonova/miro-mcp-server/miro/client.go:167.71,172.2 4 0
github.com/olgasafonova/miro-mcp-server/miro/client.go:175.70,180.22 4 1
github.com/olgasafonova/miro-mcp-server/miro/client.go:180.22,182.3 1 0
github.com/olgasafonova/miro-mcp-server/miro/client.go:183.2,183.34 1 1
github.com/olgasafonova/miro-mcp-server/miro/client.go:202.39,203.14 1 1
github.com/olgasafonova/miro-mcp-server/miro/client.go:203.14,205.3 1 1
github.com/olgasafonova/miro-mcp-server/miro/client.go:206.2,206.24 1 1
github.com/olgasafonova/miro-mcp-server/miro/client.go:206.24,208.3 1 1
github.com/olgasafonova/miro-mcp-server/miro/client.go:209.2,209.37 1 1
github.com/olgasafonova/miro-mcp-server/miro/client.go:209.37,211.3 1 1
github.com/olgasafonova/miro-mcp-server/miro/client.go:212.2,212.12 1 1
github.com/olgasafonova/miro-mcp-server/miro/client.go:216.38,217.14 1 1
github.com/olgasafonova/miro-mcp-server/miro/client.go:217.14,219.3 1 1
github.com/olgasafonova/miro-mcp-server/miro/client.go:220.2,220.24 1 1
github.com/olgasafonova/miro-mcp-server/miro/client.go:220.24,222.3 1 0
github.com/olgasafonova/miro-mcp-server/miro/client.go:223.2,223.37 1 1
github.com/olgasafonova/miro-mcp-server/miro/client.go:223.37,225.3 1 1
github.com/olgasafonova/miro-mcp-server/miro/client.go:226.2,226.12 1 1
github.com/olgasafonova/miro-mcp-server/miro/client.go:230.44,231.34 1 1
github.com/olgasafonova/miro-mcp-server/miro/client.go:231.34,233.3 1 1
github.com/olgasafonova/miro-mcp-server/miro/client.go:234.2,234.12 1 1
github.com/olgasafonova/miro-mcp-server/miro/client.go:242.102,244.9 1 1
github.com/olgasafonova/miro-mcp-server/miro/client.go:245.33,246.16 1 1
github.com/olgasafonova/miro-mcp-server/miro/client.go:246.16,246.33 1 1
github.com/olgasafonova/miro-mcp-server/miro/client.go:247.20,248.92 1 1
github.com/olgasafonova/miro-mcp-server/miro/client.go:252.2,253.16 2 1
github.com/olgasafonova/miro-mcp-server/miro/client.go:253.16,255.3 1 0
github.com/olgasafonova/miro-mcp-server/miro/client.go:258.2,262.17 3 1
github.com/olgasafonova/miro-mcp-server/miro/client.go:262.17,264.17 2 1
github.com/olgasafonova/miro-mcp-server/miro/client.go:264.17,266.4 1 0
github.com/olgasafonova/miro-mcp-server/miro/client.go:267.3,267.38 1 1
github.com/olgasafonova/miro-mcp-server/miro/client.go:271.2,272.16 2 1
github.com/olgasafonova/miro-mcp-server/miro/client.go:272.16,274.3 1 0
github.com/olgasafonova/miro-mcp-server/miro/client.go:277.2,279.17 3 1
github.com/olgasafonova/miro-mcp-server/miro/client.go:279.17,281.3 1 1
github.com/olgasafonova/miro-mcp-server/miro/client.go:282.2,286.16 3 1
github.com/olgasafonova/miro-mcp-server/miro/client.go:286.16,288.3 1 0
github.com/olgasafonova/miro-mcp-server/miro/client.go:289.2,293.16 3 1
github.com/olgasafonova/miro-mcp-server/miro/client.go:293.16,295.3 1 0
github.com/olgasafonova/miro-mcp-server/miro/client.go:298.2,298.28 1 1
github.com/olgasafonova/miro-mcp-server/miro/client.go:298.28,301.3 2 1
github.com/olgasafonova/miro-mcp-server/miro/client.go:303.2,309.22 2 1
github.com/olgasafonova/miro-mcp-server/miro/client.go:315.111,317.53 2 0
github.com/olgasafonova/miro-mcp-server/miro/client.go:317.53,319.17 2 0
github.com/olgasafonova/miro-mcp-server/miro/client.go:319.17,321.4 1 0
github.com/olgasafonova/miro-mcp-server/miro/client.go:324.3,324.29 1 0
github.com/olgasafonova/miro-mcp-server/miro/client.go:324.29,326.9 2 0
github.com/olgasafonova/miro-mcp-server/miro/client.go:330.3,331.17 2 0
github.com/olgasafonova/miro-mcp-server/miro/client.go:331.17,333.4 1 0
github.com/olgasafonova/miro-mcp-server/miro/client.go:336.3,336.29 1 0
github.com/olgasafonova/miro-mcp-server/miro/client.go:336.29,338.4 1 0
github.com/olgasafonova/miro-mcp-server/miro/client.go:340.3,347.10 2 0
github.com/olgasafonova/miro-mcp-server/miro/client.go:348.28,349.12 1 0
github.com/olgasafonova/miro-mcp-server/miro/client.go:350.21,351.25 1 0
github.com/olgasafonova/miro-mcp-server/miro/client.go:355.2,355.21 1 0
github.com/olgasafonova/miro-mcp-server/miro/client.go:363.60,364.40 1 1
github.com/olgasafonova/miro-mcp-server/miro/client.go:364.40,366.38 2 1
github.com/olgasafonova/miro-mcp-server/miro/client.go:366.38,368.4 1 1
github.com/olgasafonova/miro-mcp-server/miro/client.go:369.3,369.22 1 0
github.com/olgasafonova/miro-mcp-server/miro/client.go:371.2,371.19 1 1
github.com/olgasafonova/miro-mcp-server/miro/client.go:375.57,380.2 1 1
github.com/olgasafonova/miro-mcp-server/miro/client.go:388.72,390.53 1 0
github.com/olgasafonova/miro-mcp-server/miro/client.go:390.53,392.3 1 0
github.com/olgasafonova/miro-mcp-server/miro/client.go:394.2,395.16 2 0
github.com/olgasafonova/miro-mcp-server/miro/client.go:395.16,397.3 1 0
github.com/olgasafonova/miro-mcp-server/miro/client.go:399.2,400.56 2 0
github.com/olgasafonova/miro-mcp-server/miro/client.go:400.56,402.3 1 0
github.com/olgasafonova/miro-mcp-server/miro/client.go:405.2,410.19 2 0
github.com/olgasafonova/miro-mcp-server/miro/config.go:12.43,14.17 2 1
github.com/olgasafonova/miro-mcp-server/miro/config.go:14.17,16.3 1 1
github.com/olgasafonova/miro-mcp-server/miro/config.go:18.2,19.45 2 1
github.com/olgasafonova/miro-mcp-server/miro/config.go:19.45,20.50 1 1
github.com/olgasafonova/miro-mcp-server/miro/config.go:20.50,22.4 1 1
github.com/olgasafonova/miro-mcp-server/miro/config.go:25.2,26.21 2 1
github.com/olgasafonova/miro-mcp-server/miro/config.go:26.21,28.3 1 1
github.com/olgasafonova/miro-mcp-server/miro/config.go:30.2,34.8 1 1
github.com/olgasafonova/miro-mcp-server/miro/config.go:38.40,39.16 1 1
github.com/olgasafonova/miro-mcp-server/miro/config.go:39.16,41.3 1 1
github.com/olgasafonova/miro-mcp-server/miro/config.go:42.2,42.27 1 1
github.com/olgasafonova/miro-mcp-server/miro/config.go:42.27,44.3 1 1
github.com/olgasafonova/miro-mcp-server/miro/config.go:45.2,45.22 1 1
github.com/olgasafonova/miro-mcp-server/miro/config.go:45.22,47.3 1 1
github.com/olgasafonova/miro-mcp-server/miro/config.go:48.2,48.25 1 1
github.com/olgasafonova/miro-mcp-server/miro/config.go:48.25,50.3 1 1
github.com/olgasafonova/miro-mcp-server/miro/config.go:51.2,51.12 1 1
github.com/olgasafonova/miro-mcp-server/miro/create.go:18.103,19.24 1 1
github.com/olgasafonova/miro-mcp-server/miro/create.go:19.24,21.3 1 1
github.com/olgasafonova/miro-mcp-server/miro/create.go:22.2,22.24 1 1
github.com/olgasafonova/miro-mcp-server/miro/create.go:22.24,24.3 1 1
github.com/olgasafonova/miro-mcp-server/miro/create.go:27.2,40.22 2 1
github.com/olgasafonova/miro-mcp-server/miro/create.go:40.22,44.3 1 1
github.com/olgasafonova/miro-mcp-server/miro/create.go:47.2,47.20 1 1
github.com/olgasafonova/miro-mcp-server/miro/create.go:47.20,51.3 1 0
github.com/olgasafonova/miro-mcp-server/miro/create.go:54.2,54.25 1 1
github.com/olgasafonova/miro-mcp-server/miro/create.go:54.25,58.3 1 0
github.com/olgasafonova/miro-mcp-server/miro/create.go:60.2,61.16 2 1
github.com/olgasafonova/miro-mcp-server/miro/create.go:61.16,63.3 1 0
github.com/olgasafonova/miro-mcp-server/miro/create.go:65.2,66.58 2 1
github.com/olgasafonova/miro-mcp-server/miro/create.go:66.58,68.3 1 0
github.com/olgasafonova/miro-mcp-server/miro/create.go:70.2,75.8 1 1
github.com/olgasafonova/miro-mcp-server/miro/create.go:79.100,80.24 1 1
github.com/olgasafonova/miro-mcp-server/miro/create.go:80.24,82.3 1 1
github.com/olgasafonova/miro-mcp-server/miro/create.go:83.2,83.22 1 1
github.com/olgasafonova/miro-mcp-server/miro/create.go:83.22,85.3 1 1
github.com/olgasafonova/miro-mcp-server/miro/create.go:88.2,89.16 2 1
github.com/olgasafonova/miro-mcp-server/miro/create.go:89.16,91.3 1 1
github.com/olgasafonova/miro-mcp-server/miro/create.go:92.2,93.17 2 1
github.com/olgasafonova/miro-mcp-server/miro/create.go:93.17,95.3 1 1
github.com/olgasafonova/miro-mcp-server/miro/create.go:97.2,113.22 2 1
github.com/olgasafonova/miro-mcp-server/miro/create.go:113.22,117.3 1 0
github.com/olgasafonova/miro-mcp-server/miro/create.go:119.2,119.25 1 1
github.com/olgasafonova/miro-mcp-server/miro/create.go:119.25,123.3 1 0
github.com/olgasafonova/miro-mcp-server/miro/create.go:125.2,126.16 2 1
github.com/olgasafonova/miro-mcp-server/miro/create.go:126.16,128.3 1 0
github.com/olgasafonova/miro-mcp-server/miro/create.go:130.2,131.57 2 1
github.com/olgasafonova/miro-mcp-server/miro/create.go:131.57,133.3 1 0
github.com/olgasafonova/miro-mcp-server/miro/create.go:135.2,140.8 1 1
github.com/olgasafonova/miro-mcp-server/miro/create.go:144.97,145.24 1 1
github.com/olgasafonova/miro-mcp-server/miro/create.go:145.24,147.3 1 1
github.com/olgasafonova/miro-mcp-server/miro/create.go:148.2,148.24 1 1
github.com/olgasafonova/miro-mcp-server/miro/create.go:148.24,150.3 1 1
github.com/olgasafonova/miro-mcp-server/miro/create.go:152.2,164.23 3 1
github.com/olgasafonova/miro-mcp-server/miro/create.go:164.23,166.3 1 0
github.com/olgasafonova/miro-mcp-server/miro/create.go:167.2,167.22 1 1
github.com/olgasafonova/miro-mcp-server/miro/create.go:167.22,169.3 1 0
github.com/olgasafonova/miro-mcp-server/miro/create.go:170.2,170.20 1 1
github.com/olgasafonova/miro-mcp-server/miro/create.go:170.20,172.3 1 0
github.com/olgasafonova/miro-mcp-server/miro/create.go:174.2,174.20 1 1
github.com/olgasafonova/miro-mcp-server/miro/create.go:174.20,178.3 1 0
github.com/olgasafonova/miro-mcp-server/miro/create.go:180.2,180.25 1 1
github.com/olgasafonova/miro-mcp-server/miro/create.go:180.25,184.3 1 0
github.com/olgasafonova/miro-mcp-server/miro/create.go:186.2,187.16 2 1
github.com/olgasafonova/miro-mcp-server/miro/create.go:187.16,189.3 1 0
github.com/olgasafonova/miro-mcp-server/miro/create.go:191.2,192.56 2 1
github.com/olgasafonova/miro-mcp-server/miro/create.go:192.56,194.3 1 0
github.com/olgasafonova/miro-mcp-server/miro/create.go:196.2,200.8 1 1
github.com/olgasafonova/miro-mcp-server/miro/create.go:204.109,205.24 1 1
github.com/olgasafonova/miro-mcp-server/miro/create.go:205.24,207.3 1 0
github.com/olgasafonova/miro-mcp-server/miro/create.go:209.2,210.16 2 1
github.com/olgasafonova/miro-mcp-server/miro/create.go:210.16,212.3 1 1
github.com/olgasafonova/miro-mcp-server/miro/create.go:213.2,213.17 1 1
github.com/olgasafonova/miro-mcp-server/miro/create.go:213.17,215.3 1 0
github.com/olgasafonova/miro-mcp-server/miro/create.go:217.2,218.23 2 1
github.com/olgasafonova/miro-mcp-server/miro/create.go:218.23,220.3 1 0
github.com/olgasafonova/miro-mcp-server/miro/create.go:222.2,223.16 2 1
github.com/olgasafonova/miro-mcp-server/miro/create.go:223.16,225.3 1 0
github.com/olgasafonova/miro-mcp-server/miro/create.go:227.2,232.56 2 1
github.com/olgasafonova/miro-mcp-server/miro/create.go:232.56,234.3 1 0
github.com/olgasafonova/miro-mcp-server/miro/create.go:236.2,237.30 2 1
github.com/olgasafonova/miro-mcp-server/miro/create.go:237.30,245.3 1 1
github.com/olgasafonova/miro-mcp-server/miro/create.go:247.2,254.8 2 1
github.com/olgasafonova/miro-mcp-server/miro/create.go:258.48,259.23 1 1
github.com/olgasafonova/miro-mcp-server/miro/create.go:259.23,261.3 1 0
github.com/olgasafonova/miro-mcp-server/miro/create.go:262.2,262.11 1 1
github.com/olgasafonova/miro-mcp-server/miro/create.go:266.103,267.24 1 1
github.com/olgasafonova/miro-mcp-server/miro/create.go:267.24,269.3 1 0
github.com/olgasafonova/miro-mcp-server/miro/create.go:270.2,270.28 1 1
github.com/olgasafonova/miro-mcp-server/miro/create.go:270.28,272.3 1 0
github.com/olgasafonova/miro-mcp-server/miro/create.go:274.2,276.16 3 1
github.com/olgasafonova/miro-mcp-server/miro/create.go:276.16,278.3 1 0
github.com/olgasafonova/miro-mcp-server/miro/create.go:280.2,281.61 2 1
github.com/olgasafonova/miro-mcp-server/miro/create.go:281.61,283.3 1 0
github.com/olgasafonova/miro-mcp-server/miro/create.go:285.2,295.42 2 1
github.com/olgasafonova/miro-mcp-server/miro/create.go:295.42,297.3 1 0
github.com/olgasafonova/miro-mcp-server/miro/create.go:298.2,298.40 1 1
github.com/olgasafonova/miro-mcp-server/miro/create.go:298.40,300.3 1 0
github.com/olgasafonova/miro-mcp-server/miro/create.go:301.2,301.33 1 1
github.com/olgasafonova/miro-mcp-server/miro/create.go:301.33,303.3 1 0
github.com/olgasafonova/miro-mcp-server/miro/create.go:306.2,306.35 1 1
github.com/olgasafonova/miro-mcp-server/miro/create.go:306.35,308.3 1 0
github.com/olgasafonova/miro-mcp-server/miro/create.go:309.2,309.36 1 1
github.com/olgasafonova/miro-mcp-server/miro/create.go:309.36,311.3 1 0
github.com/olgasafonova/miro-mcp-server/miro/create.go:313.2,313.20 1 1
github.com/olgasafonova/miro-mcp-server/miro/create.go:317.112,318.24 1 1
github.com/olgasafonova/miro-mcp-server/miro/create.go:318.24,320.3 1 1
github.com/olgasafonova/miro-mcp-server/miro/create.go:321.2,321.52 1 1
github.com/olgasafonova/miro-mcp-server/miro/create.go:321.52,323.3 1 1
github.com/olgasafonova/miro-mcp-server/miro/create.go:326.2,327.17 2 1
github.com/olgasafonova/miro-mcp-server/miro/create.go:327.17,329.3 1 1
github.com/olgasafonova/miro-mcp-server/miro/create.go:331.2,342.25 3 1
github.com/olgasafonova/miro-mcp-server/miro/create.go:342.25,344.3 1 0
github.com/olgasafonova/miro-mcp-server/miro/create.go:345.2,345.23 1 1
github.com/olgasafonova/miro-mcp-server/miro/create.go:345.23,347.3 1 0
github.com/olgasafonova/miro-mcp-server/miro/create.go:347.8,349.3 1 1
github.com/olgasafonova/miro-mcp-server/miro/create.go:350.2,350.29 1 1
github.com/olgasafonova/miro-mcp-server/miro/create.go:350.29,352.3 1 1
github.com/olgasafonova/miro-mcp-server/miro/create.go:354.2,354.24 1 1
github.com/olgasafonova/miro-mcp-server/miro/create.go:354.24,358.3 1 0
github.com/olgasafonova/miro-mcp-server/miro/create.go:360.2,361.16 2 1
github.com/olgasafonova/miro-mcp-server/miro/create.go:361.16,363.3 1 0
github.com/olgasafonova/miro-mcp-server/miro/create.go:365.2,366.61 2 1
github.com/olgasafonova/miro-mcp-server/miro/create.go:366.61,368.3 1 0
github.com/olgasafonova/miro-mcp-server/miro/create.go:370.2,373.8 1 1
github.com/olgasafonova/miro-mcp-server/miro/create.go:377.112,378.24 1 0
github.com/olgasafonova/miro-mcp-server/miro/create.go:378.24,380.3 1 0
github.com/olgasafonova/miro-mcp-server/miro/create.go:381.2,381.28 1 0
github.com/olgasafonova/miro-mcp-server/miro/create.go:381.28,383.3 1 0
github.com/olgasafonova/miro-mcp-server/miro/create.go:385.2,388.22 2 0
github.com/olgasafonova/miro-mcp-server/miro/create.go:388.22,390.3 1 0
github.com/olgasafonova/miro-mcp-server/miro/create.go:393.2,394.25 2 0
github.com/olgasafonova/miro-mcp-server/miro/create.go:394.25,396.3 1 0
github.com/olgasafonova/miro-mcp-server/miro/create.go:397.2,397.23 1 0
github.com/olgasafonova/miro-mcp-server/miro/create.go:397.23,399.3 1 0
github.com/olgasafonova/miro-mcp-server/miro/create.go:400.2,400.22 1 0
github.com/olgasafonova/miro-mcp-server/miro/create.go:400.22,402.3 1 0
github.com/olgasafonova/miro-mcp-server/miro/create.go:403.2,403.29 1 0
github.com/olgasafonova/miro-mcp-server/miro/create.go:403.29,405.3 1 0
github.com/olgasafonova/miro-mcp-server/miro/create.go:408.2,408.24 1 0
github.com/olgasafonova/miro-mcp-server/miro/create.go:408.24,412.3 1 0
github.com/olgasafonova/miro-mcp-server/miro/create.go:415.2,415.23 1 0
github.com/olgasafonova/miro-mcp-server/miro/create.go:415.23,417.3 1 0
github.com/olgasafonova/miro-mcp-server/miro/create.go:419.2,422.16 3 0
github.com/olgasafonova/miro-mcp-server/miro/create.go:422.16,424.3 1 0
github.com/olgasafonova/miro-mcp-server/miro/create.go:426.2,430.8 1 0
github.com/olgasafonova/miro-mcp-server/miro/create.go:434.112,435.24 1 0
github.com/olgasafonova/miro-mcp-server/miro/create.go:435.24,437.3 1 0
github.com/olgasafonova/miro-mcp-server/miro/create.go:438.2,438.28 1 0
github.com/olgasafonova/miro-mcp-server/miro/create.go:438.28,440.3 1 0
github.com/olgasafonova/miro-mcp-server/miro/create.go:442.2,445.16 3 0
github.com/olgasafonova/miro-mcp-server/miro/create.go:445.16,451.3 1 0
github.com/olgasafonova/miro-mcp-server/miro/create.go:453.2,457.8 1 0
github.com/olgasafonova/miro-mcp-server/miro/create.go:461.100,462.24 1 1
github.com/olgasafonova/miro-mcp-server/miro/create.go:462.24,464.3 1 1
github.com/olgasafonova/miro-mcp-server/miro/create.go:467.2,468.16 2 1
github.com/olgasafonova/miro-mcp-server/miro/create.go:468.16,470.3 1 0
github.com/olgasafonova/miro-mcp-server/miro/create.go:471.2,472.17 2 1
github.com/olgasafonova/miro-mcp-server/miro/create.go:472.17,474.3 1 0
github.com/olgasafonova/miro-mcp-server/miro/create.go:476.2,492.22 2 1
github.com/olgasafonova/miro-mcp-server/miro/create.go:492.22,496.3 1 0
github.com/olgasafonova/miro-mcp-server/miro/create.go:498.2,499.16 2 1
github.com/olgasafonova/miro-mcp-server/miro/create.go:499.16,501.3 1 0
github.com/olgasafonova/miro-mcp-server/miro/create.go:503.2,504.57 2 1
github.com/olgasafonova/miro-mcp-server/miro/create.go:504.57,506.3 1 0
github.com/olgasafonova/miro-mcp-server/miro/create.go:508.2,512.8 1 1
github.com/olgasafonova/miro-mcp-server/miro/create.go:520.97,521.24 1 1
github.com/olgasafonova/miro-mcp-server/miro/create.go:521.24,523.3 1 1
github.com/olgasafonova/miro-mcp-server/miro/create.go:524.2,524.22 1 1
github.com/olgasafonova/miro-mcp-server/miro/create.go:524.22,526.3 1 1
github.com/olgasafonova/miro-mcp-server/miro/create.go:529.2,530.16 2 1
github.com/olgasafonova/miro-mcp-server/miro/create.go:530.16,532.3 1 1
github.com/olgasafonova/miro-mcp-server/miro/create.go:534.2,549.24 2 1
github.com/olgasafonova/miro-mcp-server/miro/create.go:549.24,552.3 2 0
github.com/olgasafonova/miro-mcp-server/miro/create.go:554.2,554.25 1 1
github.com/olgasafonova/miro-mcp-server/miro/create.go:554.25,558.3 1 0
github.com/olgasafonova/miro-mcp-server/miro/create.go:560.2,561.16 2 1
github.com/olgasafonova/miro-mcp-server/miro/create.go:561.16,563.3 1 0
github.com/olgasafonova/miro-mcp-server/miro/create.go:565.2,566.56 2 1
github.com/olgasafonova/miro-mcp-server/miro/create.go:566.56,568.3 1 0
github.com/olgasafonova/miro-mcp-server/miro/create.go:570.2,574.8 1 1
github.com/olgasafonova/miro-mcp-server/miro/create.go:578.100,579.24 1 1
github.com/olgasafonova/miro-mcp-server/miro/create.go:579.24,581.3 1 1
github.com/olgasafonova/miro-mcp-server/miro/create.go:582.2,582.20 1 1
github.com/olgasafonova/miro-mcp-server/miro/create.go:582.20,584.3 1 1
github.com/olgasafonova/miro-mcp-server/miro/create.go:586.2,597.22 2 1
github.com/olgasafonova/miro-mcp-server/miro/create.go:597.22,600.3 2 1
github.com/olgasafonova/miro-mcp-server/miro/create.go:602.2,602.20 1 1
github.com/olgasafonova/miro-mcp-server/miro/create.go:602.20,606.3 1 0
github.com/olgasafonova/miro-mcp-server/miro/create.go:608.2,608.25 1 1
github.com/olgasafonova/miro-mcp-server/miro/create.go:608.25,612.3 1 0
github.com/olgasafonova/miro-mcp-server/miro/create.go:614.2,615.16 2 1
github.com/olgasafonova/miro-mcp-server/miro/create.go:615.16,617.3 1 0
github.com/olgasafonova/miro-mcp-server/miro/create.go:619.2,620.57 2 1
github.com/olgasafonova/miro-mcp-server/miro/create.go:620.57,622.3 1 0
github.com/olgasafonova/miro-mcp-server/miro/create.go:624.2,625.17 2 1
github.com/olgasafonova/miro-mcp-server/miro/create.go:625.17,627.3 1 0
github.com/olgasafonova/miro-mcp-server/miro/create.go:629.2,634.8 1 1
github.com/olgasafonova/miro-mcp-server/miro/create.go:638.109,639.24 1 0
github.com/olgasafonova/miro-mcp-server/miro/create.go:639.24,641.3 1 0
github.com/olgasafonova/miro-mcp-server/miro/create.go:642.2,642.20 1 0
github.com/olgasafonova/miro-mcp-server/miro/create.go:642.20,644.3 1 0
github.com/olgasafonova/miro-mcp-server/miro/create.go:646.2,657.22 2 0
github.com/olgasafonova/miro-mcp-server/miro/create.go:657.22,660.3 2 0
github.com/olgasafonova/miro-mcp-server/miro/create.go:662.2,662.20 1 0
github.com/olgasafonova/miro-mcp-server/miro/create.go:662.20,666.3 1 0
github.com/olgasafonova/miro-mcp-server/miro/create.go:668.2,668.25 1 0
github.com/olgasafonova/miro-mcp-server/miro/create.go:668.25,672.3 1 0
github.com/olgasafonova/miro-mcp-server/miro/create.go:674.2,675.16 2 0
github.com/olgasafonova/miro-mcp-server/miro/create.go:675.16,677.3 1 0
github.com/olgasafonova/miro-mcp-server/miro/create.go:679.2,680.55 2 0
github.com/olgasafonova/miro-mcp-server/miro/create.go:680.55,682.3 1 0
github.com/olgasafonova/miro-mcp-server/miro/create.go:684.2,685.17 2 0
github.com/olgasafonova/miro-mcp-server/miro/create.go:685.17,687.3 1 0
github.com/olgasafonova/miro-mcp-server/miro/create.go:689.2,693.8 1 0
github.com/olgasafonova/miro-mcp-server/miro/create.go:697.100,698.24 1 0
github.com/olgasafonova/miro-mcp-server/miro/create.go:698.24,700.3 1 0
github.com/olgasafonova/miro-mcp-server/miro/create.go:701.2,701.20 1 0
github.com/olgasafonova/miro-mcp-server/miro/create.go:701.20,703.3 1 0
github.com/olgasafonova/miro-mcp-server/miro/create.go:706.2,707.16 2 0
github.com/olgasafonova/miro-mcp-server/miro/create.go:707.16,709.3 1 0
github.com/olgasafonova/miro-mcp-server/miro/create.go:710.2,711.17 2 0
github.com/olgasafonova/miro-mcp-server/miro/create.go:711.17,713.3 1 0
github.com/olgasafonova/miro-mcp-server/miro/create.go:715.2,716.16 2 0
github.com/olgasafonova/miro-mcp-server/miro/create.go:716.16,718.3 1 0
github.com/olgasafonova/miro-mcp-server/miro/create.go:720.2,736.25 2 0
github.com/olgasafonova/miro-mcp-server/miro/create.go:736.25,740.3 1 0
github.com/olgasafonova/miro-mcp-server/miro/create.go:742.2,743.16 2 0
github.com/olgasafonova/miro-mcp-server/miro/create.go:743.16,745.3 1 0
github.com/olgasafonova/miro-mcp-server/miro/create.go:747.2,748.57 2 0
github.com/olgasafonova/miro-mcp-server/miro/create.go:748.57,750.3 1 0
github.com/olgasafonova/miro-mcp-server/miro/create.go:752.2,757.8 1 0
github.com/olgasafonova/miro-mcp-server/miro/create.go:765.115,766.24 1 0
github.com/olgasafonova/miro-mcp-server/miro/create.go:766.24,768.3 1 0
github.com/olgasafonova/miro-mcp-server/miro/create.go:769.2,769.29 1 0
github.com/olgasafonova/miro-mcp-server/miro/create.go:769.29,771.3 1 0
github.com/olgasafonova/miro-mcp-server/miro/create.go:772.2,772.29 1 0
github.com/olgasafonova/miro-mcp-server/miro/create.go:772.29,774.3 1 0
github.com/olgasafonova/miro-mcp-server/miro/create.go:777.2,778.18 2 0
github.com/olgasafonova/miro-mcp-server/miro/create.go:778.18,780.3 1 0
github.com/olgasafonova/miro-mcp-server/miro/create.go:781.2,782.18 2 0
github.com/olgasafonova/miro-mcp-server/miro/create.go:782.18,784.3 1 0
github.com/olgasafonova/miro-mcp-server/miro/create.go:787.2,788.40 2 0
github.com/olgasafonova/miro-mcp-server/miro/create.go:788.40,799.3 3 0
github.com/olgasafonova/miro-mcp-server/miro/create.go:802.2,803.38 2 0
github.com/olgasafonova/miro-mcp-server/miro/create.go:803.38,805.23 2 0
github.com/olgasafonova/miro-mcp-server/miro/create.go:805.23,807.4 1 0
github.com/olgasafonova/miro-mcp-server/miro/create.go:809.3,813.17 2 0
github.com/olgasafonova/miro-mcp-server/miro/create.go:813.17,815.23 1 0
github.com/olgasafonova/miro-mcp-server/miro/create.go:815.23,816.10 1 0
github.com/olgasafonova/miro-mcp-server/miro/create.go:818.4,818.40 1 0
github.com/olgasafonova/miro-mcp-server/miro/create.go:820.3,820.45 1 0
github.com/olgasafonova/miro-mcp-server/miro/create.go:823.2,831.8 2 0
github.com/olgasafonova/miro-mcp-server/miro/create.go:839.48,858.39 3 1
github.com/olgasafonova/miro-mcp-server/miro/create.go:858.39,860.3 1 1
github.com/olgasafonova/miro-mcp-server/miro/create.go:861.2,861.14 1 1
github.com/olgasafonova/miro-mcp-server/miro/create.go:865.41,866.19 1 1
github.com/olgasafonova/miro-mcp-server/miro/create.go:866.19,868.3 1 1
github.com/olgasafonova/miro-mcp-server/miro/create.go:869.2,869.26 1 1
github.com/olgasafonova/miro-mcp-server/miro/diagrams.go:16.112,17.24 1 0
github.com/olgasafonova/miro-mcp-server/miro/diagrams.go:17.24,19.3 1 0
github.com/olgasafonova/miro-mcp-server/miro/diagrams.go:20.2,20.24 1 0
github.com/olgasafonova/miro-mcp-server/miro/diagrams.go:20.24,22.3 1 0
github.com/olgasafonova/miro-mcp-server/miro/diagrams.go:25.2,28.67 2 0
github.com/olgasafonova/miro-mcp-server/miro/diagrams.go:28.67,30.3 1 0
github.com/olgasafonova/miro-mcp-server/miro/diagrams.go:33.2,34.16 2 0
github.com/olgasafonova/miro-mcp-server/miro/diagrams.go:34.16,37.17 2 0
github.com/olgasafonova/miro-mcp-server/miro/diagrams.go:37.17,39.4 1 0
github.com/olgasafonova/miro-mcp-server/miro/diagrams.go:40.3,40.81 1 0
github.com/olgasafonova/miro-mcp-server/miro/diagrams.go:44.2,45.22 2 0
github.com/olgasafonova/miro-mcp-server/miro/diagrams.go:45.22,47.3 1 0
github.com/olgasafonova/miro-mcp-server/miro/diagrams.go:48.2,48.22 1 0
github.com/olgasafonova/miro-mcp-server/miro/diagrams.go:48.22,50.3 1 0
github.com/olgasafonova/miro-mcp-server/miro/diagrams.go:51.2,51.24 1 0
github.com/olgasafonova/miro-mcp-server/miro/diagrams.go:51.24,53.3 1 0
github.com/olgasafonova/miro-mcp-server/miro/diagrams.go:56.2,67.42 6 0
github.com/olgasafonova/miro-mcp-server/miro/diagrams.go:67.42,77.17 2 0
github.com/olgasafonova/miro-mcp-server/miro/diagrams.go:77.17,79.12 2 0
github.com/olgasafonova/miro-mcp-server/miro/diagrams.go:81.3,81.41 1 0
github.com/olgasafonova/miro-mcp-server/miro/diagrams.go:85.2,86.42 2 0
github.com/olgasafonova/miro-mcp-server/miro/diagrams.go:86.42,98.17 2 0
github.com/olgasafonova/miro-mcp-server/miro/diagrams.go:98.17,100.12 2 0
github.com/olgasafonova/miro-mcp-server/miro/diagrams.go:102.3,103.39 2 0
github.com/olgasafonova/miro-mcp-server/miro/diagrams.go:107.2,107.45 1 0
github.com/olgasafonova/miro-mcp-server/miro/diagrams.go:107.45,111.19 3 0
github.com/olgasafonova/miro-mcp-server/miro/diagrams.go:111.19,112.12 1 0
github.com/olgasafonova/miro-mcp-server/miro/diagrams.go:115.3,124.17 2 0
github.com/olgasafonova/miro-mcp-server/miro/diagrams.go:124.17,126.12 2 0
github.com/olgasafonova/miro-mcp-server/miro/diagrams.go:128.3,128.49 1 0
github.com/olgasafonova/miro-mcp-server/miro/diagrams.go:132.2,133.22 2 0
github.com/olgasafonova/miro-mcp-server/miro/diagrams.go:133.22,135.3 1 0
github.com/olgasafonova/miro-mcp-server/miro/diagrams.go:136.2,136.27 1 0
github.com/olgasafonova/miro-mcp-server/miro/diagrams.go:136.27,138.3 1 0
github.com/olgasafonova/miro-mcp-server/miro/diagrams.go:139.2,139.23 1 0
github.com/olgasafonova/miro-mcp-server/miro/diagrams.go:139.23,141.3 1 0
github.com/olgasafonova/miro-mcp-server/miro/diagrams.go:143.2,144.20 2 0
github.com/olgasafonova/miro-mcp-server/miro/diagrams.go:144.20,146.3 1 0
github.com/olgasafonova/miro-mcp-server/miro/diagrams.go:148.2,158.8 1 0
github.com/olgasafonova/miro-mcp-server/miro/errors.go:29.35,30.18 1 1
github.com/olgasafonova/miro-mcp-server/miro/errors.go:30.18,32.3 1 1
github.com/olgasafonova/miro-mcp-server/miro/errors.go:33.2,33.72 1 1
github.com/olgasafonova/miro-mcp-server/miro/errors.go:37.41,39.2 1 1
github.com/olgasafonova/miro-mcp-server/miro/errors.go:42.42,44.2 1 1
github.com/olgasafonova/miro-mcp-server/miro/errors.go:47.39,49.2 1 1
github.com/olgasafonova/miro-mcp-server/miro/errors.go:52.38,54.2 1 1
github.com/olgasafonova/miro-mcp-server/miro/errors.go:57.41,59.2 1 1
github.com/olgasafonova/miro-mcp-server/miro/errors.go:62.40,63.22 1 1
github.com/olgasafonova/miro-mcp-server/miro/errors.go:64.31,65.121 1 1
github.com/olgasafonova/miro-mcp-server/miro/errors.go:66.28,67.130 1 1
github.com/olgasafonova/miro-mcp-server/miro/errors.go:68.27,69.102 1 1
github.com/olgasafonova/miro-mcp-server/miro/errors.go:70.34,71.23 1 1
github.com/olgasafonova/miro-mcp-server/miro/errors.go:71.23,73.4 1 1
github.com/olgasafonova/miro-mcp-server/miro/errors.go:74.3,74.92 1 1
github.com/olgasafonova/miro-mcp-server/miro/errors.go:75.29,76.70 1 1
github.com/olgasafonova/miro-mcp-server/miro/errors.go:77.27,78.91 1 0
github.com/olgasafonova/miro-mcp-server/miro/errors.go:79.11,80.94 1 0
github.com/olgasafonova/miro-mcp-server/miro/errors.go:81.38,82.51 1 1
github.com/olgasafonova/miro-mcp-server/miro/errors.go:83.37,84.76 1 1
github.com/olgasafonova/miro-mcp-server/miro/errors.go:85.10,86.12 1 1
github.com/olgasafonova/miro-mcp-server/miro/errors.go:95.64,109.55 3 1
github.com/olgasafonova/miro-mcp-server/miro/errors.go:109.55,110.28 1 1
github.com/olgasafonova/miro-mcp-server/miro/errors.go:110.28,112.4 1 1
github.com/olgasafonova/miro-mcp-server/miro/errors.go:113.3,115.35 3 1
github.com/olgasafonova/miro-mcp-server/miro/errors.go:119.2,119.51 1 1
github.com/olgasafonova/miro-mcp-server/miro/errors.go:119.51,120.69 1 1
github.com/olgasafonova/miro-mcp-server/miro/errors.go:120.69,121.60 1 1
github.com/olgasafonova/miro-mcp-server/miro/errors.go:121.60,123.5 1 1
github.com/olgasafonova/miro-mcp-server/miro/errors.go:127.2,127.15 1 1
github.com/olgasafonova/miro-mcp-server/miro/errors.go:131.51,132.16 1 1
github.com/olgasafonova/miro-mcp-server/miro/errors.go:132.16,134.3 1 1
github.com/olgasafonova/miro-mcp-server/miro/errors.go:136.2,137.29 2 1
github.com/olgasafonova/miro-mcp-server/miro/errors.go:137.29,139.58 1 1
github.com/olgasafonova/miro-mcp-server/miro/errors.go:139.58,141.4 1 1
github.com/olgasafonova/miro-mcp-server/miro/errors.go:144.2,144.52 1 1
github.com/olgasafonova/miro-mcp-server/miro/errors.go:148.39,149.16 1 1
github.com/olgasafonova/miro-mcp-server/miro/errors.go:149.16,151.3 1 1
github.com/olgasafonova/miro-mcp-server/miro/errors.go:152.2,153.29 2 1
github.com/olgasafonova/miro-mcp-server/miro/errors.go:153.29,155.3 1 1
github.com/olgasafonova/miro-mcp-server/miro/errors.go:157.2,157.109 1 1
github.com/olgasafonova/miro-mcp-server/miro/errors.go:161.34,162.16 1 1
github.com/olgasafonova/miro-mcp-server/miro/errors.go:162.16,164.3 1 1
github.com/olgasafonova/miro-mcp-server/miro/errors.go:165.2,166.29 2 1
github.com/olgasafonova/miro-mcp-server/miro/errors.go:166.29,168.3 1 1
github.com/olgasafonova/miro-mcp-server/miro/errors.go:169.2,169.14 1 1
github.com/olgasafonova/miro-mcp-server/miro/errors.go:173.38,174.16 1 1
github.com/olgasafonova/miro-mcp-server/miro/errors.go:174.16,176.3 1 1
github.com/olgasafonova/miro-mcp-server/miro/errors.go:177.2,178.29 2 1
github.com/olgasafonova/miro-mcp-server/miro/errors.go:178.29,180.3 1 1
github.com/olgasafonova/miro-mcp-server/miro/errors.go:181.2,181.14 1 1
github.com/olgasafonova/miro-mcp-server/miro/errors.go:185.45,186.16 1 1
github.com/olgasafonova/miro-mcp-server/miro/errors.go:186.16,188.3 1 1
github.com/olgasafonova/miro-mcp-server/miro/errors.go:189.2,190.54 2 1
github.com/olgasafonova/miro-mcp-server/miro/errors.go:190.54,192.3 1 1
github.com/olgasafonova/miro-mcp-server/miro/errors.go:193.2,193.10 1 1
github.com/olgasafonova/miro-mcp-server/miro/errors.go:206.42,208.2 1 1
github.com/olgasafonova/miro-mcp-server/miro/errors.go:211.65,213.2 1 1
github.com/olgasafonova/miro-mcp-server/miro/errors.go:216.40,219.2 2 1
github.com/olgasafonova/miro-mcp-server/miro/export.go:18.112,19.24 1 1
github.com/olgasafonova/miro-mcp-server/miro/export.go:19.24,21.3 1 0
github.com/olgasafonova/miro-mcp-server/miro/export.go:24.2,25.16 2 1
github.com/olgasafonova/miro-mcp-server/miro/export.go:25.16,27.3 1 0
github.com/olgasafonova/miro-mcp-server/miro/export.go:29.2,30.58 2 1
github.com/olgasafonova/miro-mcp-server/miro/export.go:30.58,32.3 1 1
github.com/olgasafonova/miro-mcp-server/miro/export.go:34.2,34.20 1 1
github.com/olgasafonova/miro-mcp-server/miro/export.go:34.20,40.3 1 1
github.com/olgasafonova/miro-mcp-server/miro/export.go:42.2,46.8 1 1
github.com/olgasafonova/miro-mcp-server/miro/export.go:56.112,57.22 1 1
github.com/olgasafonova/miro-mcp-server/miro/export.go:57.22,59.3 1 1
github.com/olgasafonova/miro-mcp-server/miro/export.go:60.2,60.29 1 1
github.com/olgasafonova/miro-mcp-server/miro/export.go:60.29,62.3 1 1
github.com/olgasafonova/miro-mcp-server/miro/export.go:63.2,63.29 1 1
github.com/olgasafonova/miro-mcp-server/miro/export.go:63.29,65.3 1 1
github.com/olgasafonova/miro-mcp-server/miro/export.go:68.2,69.21 2 1
github.com/olgasafonova/miro-mcp-server/miro/export.go:69.21,71.3 1 1
github.com/olgasafonova/miro-mcp-server/miro/export.go:74.2,75.18 2 1
github.com/olgasafonova/miro-mcp-server/miro/export.go:75.18,77.3 1 0
github.com/olgasafonova/miro-mcp-server/miro/export.go:78.2,78.60 1 1
github.com/olgasafonova/miro-mcp-server/miro/export.go:78.60,80.3 1 1
github.com/olgasafonova/miro-mcp-server/miro/export.go:82.2,90.16 4 1
github.com/olgasafonova/miro-mcp-server/miro/export.go:90.16,92.3 1 0
github.com/olgasafonova/miro-mcp-server/miro/export.go:94.2,99.56 2 1
github.com/olgasafonova/miro-mcp-server/miro/export.go:99.56,101.3 1 0
github.com/olgasafonova/miro-mcp-server/miro/export.go:103.2,108.8 1 1
github.com/olgasafonova/miro-mcp-server/miro/export.go:113.121,114.22 1 1
github.com/olgasafonova/miro-mcp-server/miro/export.go:114.22,116.3 1 1
github.com/olgasafonova/miro-mcp-server/miro/export.go:117.2,117.22 1 1
github.com/olgasafonova/miro-mcp-server/miro/export.go:117.22,119.3 1 1
github.com/olgasafonova/miro-mcp-server/miro/export.go:121.2,123.16 3 1
github.com/olgasafonova/miro-mcp-server/miro/export.go:123.16,125.3 1 0
github.com/olgasafonova/miro-mcp-server/miro/export.go:127.2,136.56 2 1
github.com/olgasafonova/miro-mcp-server/miro/export.go:136.56,138.3 1 0
github.com/olgasafonova/miro-mcp-server/miro/export.go:140.2,141.58 2 1
[...]
github.com/olgasafonova/miro-mcp-server/miro/diagrams/layout.go:38.2,47.26 4 1
github.com/olgasafonova/miro-mcp-server/miro/diagrams/layout.go:51.54,56.32 3 1
github.com/olgasafonova/miro-mcp-server/miro/diagrams/layout.go:56.32,59.3 2 1
github.com/olgasafonova/miro-mcp-server/miro/diagrams/layout.go:61.2,61.37 1 1
github.com/olgasafonova/miro-mcp-server/miro/diagrams/layout.go:61.37,62.47 1 1
github.com/olgasafonova/miro-mcp-server/miro/diagrams/layout.go:62.47,63.12 1 0
github.com/olgasafonova/miro-mcp-server/miro/diagrams/layout.go:65.3,65.45 1 1
github.com/olgasafonova/miro-mcp-server/miro/diagrams/layout.go:65.45,66.12 1 0
github.com/olgasafonova/miro-mcp-server/miro/diagrams/layout.go:68.3,69.65 2 1
github.com/olgasafonova/miro-mcp-server/miro/diagrams/layout.go:73.2,74.32 2 1
github.com/olgasafonova/miro-mcp-server/miro/diagrams/layout.go:74.32,75.29 1 1
github.com/olgasafonova/miro-mcp-server/miro/diagrams/layout.go:75.29,77.4 1 1
github.com/olgasafonova/miro-mcp-server/miro/diagrams/layout.go:81.2,81.21 1 1
github.com/olgasafonova/miro-mcp-server/miro/diagrams/layout.go:81.21,82.33 1 0
github.com/olgasafonova/miro-mcp-server/miro/diagrams/layout.go:82.33,84.9 2 0
github.com/olgasafonova/miro-mcp-server/miro/diagrams/layout.go:89.2,91.29 3 1
github.com/olgasafonova/miro-mcp-server/miro/diagrams/layout.go:91.29,94.3 2 1
github.com/olgasafonova/miro-mcp-server/miro/diagrams/layout.go:96.2,96.21 1 1
github.com/olgasafonova/miro-mcp-server/miro/diagrams/layout.go:96.21,101.43 4 1
github.com/olgasafonova/miro-mcp-server/miro/diagrams/layout.go:101.43,103.81 2 1
github.com/olgasafonova/miro-mcp-server/miro/diagrams/layout.go:103.81,106.5 2 1
github.com/olgasafonova/miro-mcp-server/miro/diagrams/layout.go:111.2,111.32 1 1
github.com/olgasafonova/miro-mcp-server/miro/diagrams/layout.go:111.32,112.34 1 1
github.com/olgasafonova/miro-mcp-server/miro/diagrams/layout.go:112.34,114.4 1 0
github.com/olgasafonova/miro-mcp-server/miro/diagrams/layout.go:118.2,119.35 2 1
github.com/olgasafonova/miro-mcp-server/miro/diagrams/layout.go:119.35,121.3 1 1
github.com/olgasafonova/miro-mcp-server/miro/diagrams/layout.go:123.2,123.15 1 1
github.com/olgasafonova/miro-mcp-server/miro/diagrams/layout.go:127.61,132.32 3 1
github.com/olgasafonova/miro-mcp-server/miro/diagrams/layout.go:132.32,135.3 2 1
github.com/olgasafonova/miro-mcp-server/miro/diagrams/layout.go:137.2,137.37 1 1
github.com/olgasafonova/miro-mcp-server/miro/diagrams/layout.go:137.37,138.47 1 1
github.com/olgasafonova/miro-mcp-server/miro/diagrams/layout.go:138.47,139.12 1 0
github.com/olgasafonova/miro-mcp-server/miro/diagrams/layout.go:141.3,141.45 1 1
github.com/olgasafonova/miro-mcp-server/miro/diagrams/layout.go:141.45,142.12 1 0
github.com/olgasafonova/miro-mcp-server/miro/diagrams/layout.go:144.3,145.65 2 1
github.com/olgasafonova/miro-mcp-server/miro/diagrams/layout.go:149.2,150.24 2 1
github.com/olgasafonova/miro-mcp-server/miro/diagrams/layout.go:150.24,152.3 1 1
github.com/olgasafonova/miro-mcp-server/miro/diagrams/layout.go:153.2,159.30 3 1
github.com/olgasafonova/miro-mcp-server/miro/diagrams/layout.go:159.30,160.32 1 1
github.com/olgasafonova/miro-mcp-server/miro/diagrams/layout.go:160.32,162.4 1 1
github.com/olgasafonova/miro-mcp-server/miro/diagrams/layout.go:166.2,166.34 1 1
github.com/olgasafonova/miro-mcp-server/miro/diagrams/layout.go:166.34,168.39 1 1
github.com/olgasafonova/miro-mcp-server/miro/diagrams/layout.go:168.39,170.33 2 1
github.com/olgasafonova/miro-mcp-server/miro/diagrams/layout.go:170.33,172.23 2 1
github.com/olgasafonova/miro-mcp-server/miro/diagrams/layout.go:172.23,174.33 2 1
github.com/olgasafonova/miro-mcp-server/miro/diagrams/layout.go:174.33,176.7 1 1
github.com/olgasafonova/miro-mcp-server/miro/diagrams/layout.go:177.6,177.45 1 1
github.com/olgasafonova/miro-mcp-server/miro/diagrams/layout.go:182.4,182.46 1 1
github.com/olgasafonova/miro-mcp-server/miro/diagrams/layout.go:182.46,184.5 1 1
github.com/olgasafonova/miro-mcp-server/miro/diagrams/layout.go:187.4,187.33 1 1
github.com/olgasafonova/miro-mcp-server/miro/diagrams/layout.go:187.33,189.5 1 1
github.com/olgasafonova/miro-mcp-server/miro/diagrams/layout.go:193.3,193.44 1 1
github.com/olgasafonova/miro-mcp-server/miro/diagrams/layout.go:193.44,195.33 2 1
github.com/olgasafonova/miro-mcp-server/miro/diagrams/layout.go:195.33,197.23 2 1
github.com/olgasafonova/miro-mcp-server/miro/diagrams/layout.go:197.23,199.33 2 1
github.com/olgasafonova/miro-mcp-server/miro/diagrams/layout.go:199.33,201.7 1 1
github.com/olgasafonova/miro-mcp-server/miro/diagrams/layout.go:202.6,202.45 1 1
github.com/olgasafonova/miro-mcp-server/miro/diagrams/layout.go:207.4,207.46 1 1
github.com/olgasafonova/miro-mcp-server/miro/diagrams/layout.go:207.46,209.5 1 1
github.com/olgasafonova/miro-mcp-server/miro/diagrams/layout.go:212.4,212.33 1 1
github.com/olgasafonova/miro-mcp-server/miro/diagrams/layout.go:212.33,214.5 1 1
github.com/olgasafonova/miro-mcp-server/miro/diagrams/layout.go:220.84,223.24 2 1
github.com/olgasafonova/miro-mcp-server/miro/diagrams/layout.go:223.24,225.3 1 1
github.com/olgasafonova/miro-mcp-server/miro/diagrams/layout.go:226.2,230.31 3 1
github.com/olgasafonova/miro-mcp-server/miro/diagrams/layout.go:230.31,231.33 1 1
github.com/olgasafonova/miro-mcp-server/miro/diagrams/layout.go:231.33,233.4 1 1
github.com/olgasafonova/miro-mcp-server/miro/diagrams/layout.go:237.2,240.30 3 1
github.com/olgasafonova/miro-mcp-server/miro/diagrams/layout.go:240.30,243.17 3 1
github.com/olgasafonova/miro-mcp-server/miro/diagrams/layout.go:243.17,245.4 1 0
github.com/olgasafonova/miro-mcp-server/miro/diagrams/layout.go:247.3,247.32 1 1
github.com/olgasafonova/miro-mcp-server/miro/diagrams/layout.go:247.32,249.19 2 1
github.com/olgasafonova/miro-mcp-server/miro/diagrams/layout.go:249.19,250.13 1 0
github.com/olgasafonova/miro-mcp-server/miro/diagrams/layout.go:254.4,264.20 6 1
github.com/olgasafonova/miro-mcp-server/miro/diagrams/layout.go:264.20,267.5 2 1
github.com/olgasafonova/miro-mcp-server/miro/diagrams/layout.go:267.10,270.5 2 1
github.com/olgasafonova/miro-mcp-server/miro/diagrams/layout.go:276.40,277.29 1 1
github.com/olgasafonova/miro-mcp-server/miro/diagrams/layout.go:277.29,279.3 1 0
github.com/olgasafonova/miro-mcp-server/miro/diagrams/layout.go:281.2,284.37 3 1
github.com/olgasafonova/miro-mcp-server/miro/diagrams/layout.go:284.37,285.20 1 1
github.com/olgasafonova/miro-mcp-server/miro/diagrams/layout.go:285.20,287.4 1 1
github.com/olgasafonova/miro-mcp-server/miro/diagrams/layout.go:288.3,288.20 1 1
github.com/olgasafonova/miro-mcp-server/miro/diagrams/layout.go:288.20,290.4 1 1
github.com/olgasafonova/miro-mcp-server/miro/diagrams/layout.go:291.3,291.31 1 1
github.com/olgasafonova/miro-mcp-server/miro/diagrams/layout.go:291.31,293.4 1 1
github.com/olgasafonova/miro-mcp-server/miro/diagrams/layout.go:294.3,294.32 1 1
github.com/olgasafonova/miro-mcp-server/miro/diagrams/layout.go:294.32,296.4 1 1
github.com/olgasafonova/miro-mcp-server/miro/diagrams/layout.go:299.2,300.30 2 1
github.com/olgasafonova/miro-mcp-server/miro/diagrams/mermaid.go:20.40,39.2 1 1
github.com/olgasafonova/miro-mcp-server/miro/diagrams/mermaid.go:42.63,49.35 5 1
github.com/olgasafonova/miro-mcp-server/miro/diagrams/mermaid.go:49.35,53.50 2 1
github.com/olgasafonova/miro-mcp-server/miro/diagrams/mermaid.go:53.50,54.12 1 1
github.com/olgasafonova/miro-mcp-server/miro/diagrams/mermaid.go:58.3,58.77 1 1
github.com/olgasafonova/miro-mcp-server/miro/diagrams/mermaid.go:58.77,60.15 2 1
github.com/olgasafonova/miro-mcp-server/miro/diagrams/mermaid.go:61.20,62.36 1 1
github.com/olgasafonova/miro-mcp-server/miro/diagrams/mermaid.go:63.14,64.36 1 0
github.com/olgasafonova/miro-mcp-server/miro/diagrams/mermaid.go:65.14,66.36 1 1
github.com/olgasafonova/miro-mcp-server/miro/diagrams/mermaid.go:67.14,68.36 1 0
github.com/olgasafonova/miro-mcp-server/miro/diagrams/mermaid.go:70.4,70.12 1 1
github.com/olgasafonova/miro-mcp-server/miro/diagrams/mermaid.go:74.3,74.74 1 1
github.com/olgasafonova/miro-mcp-server/miro/diagrams/mermaid.go:74.74,77.44 3 1
github.com/olgasafonova/miro-mcp-server/miro/diagrams/mermaid.go:77.44,79.5 1 0
github.com/olgasafonova/miro-mcp-server/miro/diagrams/mermaid.go:81.4,91.12 5 1
github.com/olgasafonova/miro-mcp-server/miro/diagrams/mermaid.go:95.3,95.38 1 1
github.com/olgasafonova/miro-mcp-server/miro/diagrams/mermaid.go:95.38,96.30 1 1
github.com/olgasafonova/miro-mcp-server/miro/diagrams/mermaid.go:96.30,99.5 2 1
github.com/olgasafonova/miro-mcp-server/miro/diagrams/mermaid.go:99.10,101.5 1 0
github.com/olgasafonova/miro-mcp-server/miro/diagrams/mermaid.go:102.4,102.12 1 1
github.com/olgasafonova/miro-mcp-server/miro/diagrams/mermaid.go:106.3,106.54 1 1
github.com/olgasafonova/miro-mcp-server/miro/diagrams/mermaid.go:106.54,107.12 1 1
github.com/olgasafonova/miro-mcp-server/miro/diagrams/mermaid.go:111.3,111.54 1 1
github.com/olgasafonova/miro-mcp-server/miro/diagrams/mermaid.go:111.54,112.12 1 1
github.com/olgasafonova/miro-mcp-server/miro/diagrams/mermaid.go:116.3,117.89 2 1
github.com/olgasafonova/miro-mcp-server/miro/diagrams/mermaid.go:117.89,118.12 1 0
github.com/olgasafonova/miro-mcp-server/miro/diagrams/mermaid.go:122.3,122.14 1 1
github.com/olgasafonova/miro-mcp-server/miro/diagrams/mermaid.go:125.2,125.29 1 1
github.com/olgasafonova/miro-mcp-server/miro/diagrams/mermaid.go:125.29,127.3 1 1
github.com/olgasafonova/miro-mcp-server/miro/diagrams/mermaid.go:129.2,129.21 1 1
github.com/olgasafonova/miro-mcp-server/miro/diagrams/mermaid.go:133.92,137.20 2 1
github.com/olgasafonova/miro-mcp-server/miro/diagrams/mermaid.go:137.20,139.3 1 1
github.com/olgasafonova/miro-mcp-server/miro/diagrams/mermaid.go:141.2,142.29 2 1
github.com/olgasafonova/miro-mcp-server/miro/diagrams/mermaid.go:142.29,144.17 2 1
github.com/olgasafonova/miro-mcp-server/miro/diagrams/mermaid.go:144.17,145.12 1 0
github.com/olgasafonova/miro-mcp-server/miro/diagrams/mermaid.go:149.3,155.34 5 1
github.com/olgasafonova/miro-mcp-server/miro/diagrams/mermaid.go:155.34,158.25 2 1
github.com/olgasafonova/miro-mcp-server/miro/diagrams/mermaid.go:158.25,161.5 2 1
github.com/olgasafonova/miro-mcp-server/miro/diagrams/mermaid.go:165.3,166.19 2 1
github.com/olgasafonova/miro-mcp-server/miro/diagrams/mermaid.go:166.19,167.12 1 0
github.com/olgasafonova/miro-mcp-server/miro/diagrams/mermaid.go:171.3,171.50 1 1
github.com/olgasafonova/miro-mcp-server/miro/diagrams/mermaid.go:171.50,183.22 3 1
github.com/olgasafonova/miro-mcp-server/miro/diagrams/mermaid.go:183.22,184.50 1 1
github.com/olgasafonova/miro-mcp-server/miro/diagrams/mermaid.go:184.50,186.6 1 1
github.com/olgasafonova/miro-mcp-server/miro/diagrams/mermaid.go:191.3,191.32 1 1
github.com/olgasafonova/miro-mcp-server/miro/diagrams/mermaid.go:191.32,205.4 3 1
github.com/olgasafonova/miro-mcp-server/miro/diagrams/mermaid.go:207.3,207.22 1 1
github.com/olgasafonova/miro-mcp-server/miro/diagrams/mermaid.go:210.2,210.25 1 1
github.com/olgasafonova/miro-mcp-server/miro/diagrams/mermaid.go:214.58,222.21 3 1
github.com/olgasafonova/miro-mcp-server/miro/diagrams/mermaid.go:222.21,224.3 1 1
github.com/olgasafonova/miro-mcp-server/miro/diagrams/mermaid.go:226.2,226.14 1 1
github.com/olgasafonova/miro-mcp-server/miro/diagrams/mermaid.go:230.111,237.2 4 1
github.com/olgasafonova/miro-mcp-server/miro/diagrams/mermaid.go:240.86,242.16 2 1
github.com/olgasafonova/miro-mcp-server/miro/diagrams/mermaid.go:242.16,244.3 1 0
github.com/olgasafonova/miro-mcp-server/miro/diagrams/mermaid.go:247.2,273.29 3 1
github.com/olgasafonova/miro-mcp-server/miro/diagrams/mermaid.go:273.29,274.66 1 1
github.com/olgasafonova/miro-mcp-server/miro/diagrams/mermaid.go:274.66,276.4 1 1
github.com/olgasafonova/miro-mcp-server/miro/diagrams/mermaid.go:280.2,280.93 1 1
github.com/olgasafonova/miro-mcp-server/miro/diagrams/mermaid.go:280.93,282.3 1 1
github.com/olgasafonova/miro-mcp-server/miro/diagrams/mermaid.go:284.2,284.31 1 1
github.com/olgasafonova/miro-mcp-server/miro/diagrams/mermaid.go:288.92,290.18 2 1
github.com/olgasafonova/miro-mcp-server/miro/diagrams/mermaid.go:290.18,292.3 1 1
github.com/olgasafonova/miro-mcp-server/miro/diagrams/mermaid.go:295.2,295.49 1 1
github.com/olgasafonova/miro-mcp-server/miro/diagrams/mermaid.go:295.49,306.21 3 1
github.com/olgasafonova/miro-mcp-server/miro/diagrams/mermaid.go:306.21,307.49 1 0
github.com/olgasafonova/miro-mcp-server/miro/diagrams/mermaid.go:307.49,309.5 1 0
github.com/olgasafonova/miro-mcp-server/miro/diagrams/mermaid.go:313.2,313.13 1 1
github.com/olgasafonova/miro-mcp-server/miro/diagrams/mermaid.go:318.51,320.30 1 1
github.com/olgasafonova/miro-mcp-server/miro/diagrams/mermaid.go:320.30,323.3 2 1
github.com/olgasafonova/miro-mcp-server/miro/diagrams/mermaid.go:326.2,327.28 2 1
github.com/olgasafonova/miro-mcp-server/miro/diagrams/mermaid.go:331.43,333.29 2 1
github.com/olgasafonova/miro-mcp-server/miro/diagrams/mermaid.go:333.29,335.50 2 1
github.com/olgasafonova/miro-mcp-server/miro/diagrams/mermaid.go:335.50,336.12 1 1
github.com/olgasafonova/miro-mcp-server/miro/diagrams/mermaid.go:338.3,338.35 1 1
github.com/olgasafonova/miro-mcp-server/miro/diagrams/mermaid.go:340.2,340.14 1 1
github.com/olgasafonova/miro-mcp-server/miro/diagrams/sequence.go:42.42,72.2 1 1
github.com/olgasafonova/miro-mcp-server/miro/diagrams/sequence.go:75.64,88.29 10 1
github.com/olgasafonova/miro-mcp-server/miro/diagrams/sequence.go:88.29,92.50 2 1
github.com/olgasafonova/miro-mcp-server/miro/diagrams/sequence.go:92.50,93.12 1 0
github.com/olgasafonova/miro-mcp-server/miro/diagrams/sequence.go:97.3,97.40 1 1
github.com/olgasafonova/miro-mcp-server/miro/diagrams/sequence.go:97.40,99.12 2 1
github.com/olgasafonova/miro-mcp-server/miro/diagrams/sequence.go:103.3,103.79 1 1
github.com/olgasafonova/miro-mcp-server/miro/diagrams/sequence.go:103.79,107.44 4 1
github.com/olgasafonova/miro-mcp-server/miro/diagrams/sequence.go:107.44,109.5 1 1
github.com/olgasafonova/miro-mcp-server/miro/diagrams/sequence.go:111.4,111.47 1 1
github.com/olgasafonova/miro-mcp-server/miro/diagrams/sequence.go:111.47,119.5 2 1
github.com/olgasafonova/miro-mcp-server/miro/diagrams/sequence.go:120.4,120.12 1 1
github.com/olgasafonova/miro-mcp-server/miro/diagrams/sequence.go:124.3,124.75 1 1
github.com/olgasafonova/miro-mcp-server/miro/diagrams/sequence.go:124.75,132.48 6 1
github.com/olgasafonova/miro-mcp-server/miro/diagrams/sequence.go:132.48,140.5 2 1
github.com/olgasafonova/miro-mcp-server/miro/diagrams/sequence.go:141.4,141.46 1 1
github.com/olgasafonova/miro-mcp-server/miro/diagrams/sequence.go:141.46,149.5 2 1
github.com/olgasafonova/miro-mcp-server/miro/diagrams/sequence.go:151.4,158.17 2 1
github.com/olgasafonova/miro-mcp-server/miro/diagrams/sequence.go:159.21,160.23 1 1
github.com/olgasafonova/miro-mcp-server/miro/diagrams/sequence.go:161.23,162.24 1 1
github.com/olgasafonova/miro-mcp-server/miro/diagrams/sequence.go:163.21,164.29 1 0
github.com/olgasafonova/miro-mcp-server/miro/diagrams/sequence.go:165.21,166.24 1 1
github.com/olgasafonova/miro-mcp-server/miro/diagrams/sequence.go:170.4,170.23 1 1
github.com/olgasafonova/miro-mcp-server/miro/diagrams/sequence.go:170.23,172.5 1 0
github.com/olgasafonova/miro-mcp-server/miro/diagrams/sequence.go:172.10,172.30 1 1
github.com/olgasafonova/miro-mcp-server/miro/diagrams/sequence.go:172.30,174.5 1 0
github.com/olgasafonova/miro-mcp-server/miro/diagrams/sequence.go:176.4,178.12 3 1
github.com/olgasafonova/miro-mcp-server/miro/diagrams/sequence.go:182.3,182.72 1 1
github.com/olgasafonova/miro-mcp-server/miro/diagrams/sequence.go:182.72,185.12 1 0
github.com/olgasafonova/miro-mcp-server/miro/diagrams/sequence.go:189.3,189.76 1 1
github.com/olgasafonova/miro-mcp-server/miro/diagrams/sequence.go:189.76,191.12 1 0
github.com/olgasafonova/miro-mcp-server/miro/diagrams/sequence.go:195.3,195.77 1 1
github.com/olgasafonova/miro-mcp-server/miro/diagrams/sequence.go:195.77,198.12 3 1
github.com/olgasafonova/miro-mcp-server/miro/diagrams/sequence.go:202.3,202.38 1 1
github.com/olgasafonova/miro-mcp-server/miro/diagrams/sequence.go:202.38,203.12 1 0
github.com/olgasafonova/miro-mcp-server/miro/diagrams/sequence.go:207.3,207.41 1 1
github.com/olgasafonova/miro-mcp-server/miro/diagrams/sequence.go:207.41,208.27 1 1
github.com/olgasafonova/miro-mcp-server/miro/diagrams/sequence.go:208.27,210.5 1 1
github.com/olgasafonova/miro-mcp-server/miro/diagrams/sequence.go:211.4,211.12 1 1
github.com/olgasafonova/miro-mcp-server/miro/diagrams/sequence.go:215.2,215.18 1 1
github.com/olgasafonova/miro-mcp-server/miro/diagrams/sequence.go:215.18,217.3 1 0
github.com/olgasafonova/miro-mcp-server/miro/diagrams/sequence.go:219.2,219.28 1 1
github.com/olgasafonova/miro-mcp-server/miro/diagrams/sequence.go:219.28,221.3 1 0
github.com/olgasafonova/miro-mcp-server/miro/diagrams/sequence.go:224.2,233.33 2 1
github.com/olgasafonova/miro-mcp-server/miro/diagrams/sequence.go:233.33,246.24 3 1
github.com/olgasafonova/miro-mcp-server/miro/diagrams/sequence.go:246.24,250.4 3 1
github.com/olgasafonova/miro-mcp-server/miro/diagrams/sequence.go:252.3,252.24 1 1
github.com/olgasafonova/miro-mcp-server/miro/diagrams/sequence.go:256.2,256.31 1 1
github.com/olgasafonova/miro-mcp-server/miro/diagrams/sequence.go:256.31,267.20 3 1
github.com/olgasafonova/miro-mcp-server/miro/diagrams/sequence.go:268.15,271.29 3 1
github.com/olgasafonova/miro-mcp-server/miro/diagrams/sequence.go:272.16,275.29 3 1
github.com/olgasafonova/miro-mcp-server/miro/diagrams/sequence.go:276.16,279.28 3 1
github.com/olgasafonova/miro-mcp-server/miro/diagrams/sequence.go:280.11,282.29 2 0
github.com/olgasafonova/miro-mcp-server/miro/diagrams/sequence.go:286.3,288.24 2 1
github.com/olgasafonova/miro-mcp-server/miro/diagrams/sequence.go:291.2,291.21 1 1
github.com/olgasafonova/miro-mcp-server/miro/diagrams/sequence.go:295.52,298.2 2 0
github.com/olgasafonova/miro-mcp-server/miro/diagrams/types.go:115.45,123.2 1 1
github.com/olgasafonova/miro-mcp-server/miro/diagrams/types.go:126.39,128.2 1 1
github.com/olgasafonova/miro-mcp-server/miro/diagrams/types.go:131.39,133.2 1 1
github.com/olgasafonova/miro-mcp-server/miro/diagrams/types.go:136.45,138.2 1 1
github.com/olgasafonova/miro-mcp-server/miro/diagrams/types.go:141.43,146.26 3 1
github.com/olgasafonova/miro-mcp-server/miro/diagrams/types.go:146.26,149.3 2 1
github.com/olgasafonova/miro-mcp-server/miro/diagrams/types.go:151.2,151.31 1 1
github.com/olgasafonova/miro-mcp-server/miro/diagrams/types.go:151.31,152.41 1 1
github.com/olgasafonova/miro-mcp-server/miro/diagrams/types.go:152.41,153.12 1 0
github.com/olgasafonova/miro-mcp-server/miro/diagrams/types.go:155.3,155.39 1 1
github.com/olgasafonova/miro-mcp-server/miro/diagrams/types.go:155.39,156.12 1 0
github.com/olgasafonova/miro-mcp-server/miro/diagrams/types.go:158.3,159.67 2 1
github.com/olgasafonova/miro-mcp-server/miro/diagrams/types.go:163.2,164.34 2 1
github.com/olgasafonova/miro-mcp-server/miro/diagrams/types.go:164.34,165.17 1 1
github.com/olgasafonova/miro-mcp-server/miro/diagrams/types.go:165.17,167.4 1 1
github.com/olgasafonova/miro-mcp-server/miro/diagrams/types.go:170.2,171.21 2 1
github.com/olgasafonova/miro-mcp-server/miro/diagrams/types.go:171.21,176.43 4 1
github.com/olgasafonova/miro-mcp-server/miro/diagrams/types.go:176.43,178.31 2 1
github.com/olgasafonova/miro-mcp-server/miro/diagrams/types.go:178.31,180.5 1 1
github.com/olgasafonova/miro-mcp-server/miro/diagrams/types.go:185.2,185.26 1 1
github.com/olgasafonova/miro-mcp-server/miro/diagrams/types.go:185.26,187.33 2 1
github.com/olgasafonova/miro-mcp-server/miro/diagrams/types.go:187.33,188.21 1 1
github.com/olgasafonova/miro-mcp-server/miro/diagrams/types.go:188.21,190.10 2 1
github.com/olgasafonova/miro-mcp-server/miro/diagrams/types.go:193.3,193.13 1 1
github.com/olgasafonova/miro-mcp-server/miro/diagrams/types.go:193.13,195.4 1 0
github.com/olgasafonova/miro-mcp-server/miro/diagrams/types.go:198.2,198.14 1 1
